#
# A fatal error has been detected by the Java Runtime Environment:
#
#  Internal Error (generateOopMap.cpp:2162), pid=1431, tid=16899
#  fatal error: Illegal class file encountered. Try running with -Xverify:all in method addFrameScore
#
# JRE version: Java(TM) SE Runtime Environment (10.0.2+13) (build 10.0.2+13)
# Java VM: Java HotSpot(TM) 64-Bit Server VM (10.0.2+13, mixed mode, tiered, compressed oops, g1 gc, bsd-amd64)
# No core dump will be written. Core dumps have been disabled. To enable core dumping, try "ulimit -c unlimited" before starting Java again
#
# If you would like to submit a bug report, please visit:
#   http://bugreport.java.com/bugreport/crash.jsp
#

---------------  S U M M A R Y ------------

Command Line: -agentlib:jdwp=transport=dt_socket,address=127.0.0.1:49797,suspend=y,server=n -ea -Didea.test.cyclic.buffer.size=1048576 -javaagent:/Users/ys/Library/Caches/IntelliJIdea2018.2/groovyHotSwap/gragent.jar -javaagent:/Users/ys/Library/Caches/IntelliJIdea2018.2/captureAgent/debugger-agent.jar=file:/private/var/folders/35/q0y6j1w95md4vj54zsmnbz7h0000gn/T/capture.props -Dfile.encoding=UTF-8 com.intellij.rt.execution.junit.JUnitStarter -ideVersion5 -junit5 game.BowlingTest,checkLastFrameBonus

Host: iMac14,2 x86_64 3400 MHz, 4 cores, 24G, Darwin 17.7.0
Time: Sun Sep  9 11:28:01 2018 KST elapsed time: 4589 seconds (0d 1h 16m 29s)

---------------  T H R E A D  ---------------

Current thread (0x00007fc07e067800):  VMThread "VM Thread" [stack: 0x0000700009441000,0x0000700009541000] [id=16899]

Stack: [0x0000700009441000,0x0000700009541000],  sp=0x000070000953fee0,  free space=1019k
Native frames: (J=compiled Java code, A=aot compiled Java code, j=interpreted, Vv=VM code, C=native code)
V  [libjvm.dylib+0x799cb1]  _ZN7VMError14report_and_dieEiPKcS1_P13__va_list_tagP6ThreadPhPvS7_S1_im+0x4df
V  [libjvm.dylib+0x79a374]  _ZN7VMError14report_and_dieEP6ThreadPKciS3_S3_P13__va_list_tag+0x4a
V  [libjvm.dylib+0x28bd01]  _Z12report_fatalPKciS0_z+0xc0
V  [libjvm.dylib+0x383751]  _ZN14GenerateOopMap10error_workEPKcP13__va_list_tag+0xeb
V  [libjvm.dylib+0x380a09]  _ZN14GenerateOopMap12report_errorEPKcz+0x8d
V  [libjvm.dylib+0x381264]  _ZN14GenerateOopMap17init_basic_blocksEv+0x188
V  [libjvm.dylib+0x38109b]  _ZN14GenerateOopMap17do_interpretationEv+0x2f
V  [libjvm.dylib+0x383581]  _ZN14GenerateOopMap11compute_mapEP6Thread+0x16b
V  [libjvm.dylib+0x62b7d8]  _ZN19OopMapForCacheEntry11compute_mapEP6Thread+0x60
V  [libjvm.dylib+0x62c0c4]  _ZN16OopMapCacheEntry4fillERK12methodHandlei+0xac
V  [libjvm.dylib+0x62ca8c]  _ZN11OopMapCache19compute_one_oop_mapERK12methodHandleiP17InterpreterOopMap+0x11a
V  [libjvm.dylib+0x5f1155]  _ZN6Method8mask_forEiP17InterpreterOopMap+0x7f
V  [libjvm.dylib+0x4dda69]  _ZN16VM_GetOrSetLocal4doitEv+0x47
V  [libjvm.dylib+0x7a38d9]  _ZN12VM_Operation8evaluateEv+0xf1
V  [libjvm.dylib+0x7a2dc2]  _ZN8VMThread18evaluate_operationEP12VM_Operation+0xd4
V  [libjvm.dylib+0x7a2a76]  _ZN8VMThread4loopEv+0x340
V  [libjvm.dylib+0x7a2649]  _ZN8VMThread3runEv+0x75
V  [libjvm.dylib+0x633a5f]  _ZL19thread_native_entryP6Thread+0x12b
C  [libsystem_pthread.dylib+0x3661]  _pthread_body+0x154
C  [libsystem_pthread.dylib+0x350d]  _pthread_body+0x0
C  [libsystem_pthread.dylib+0x2bf9]  thread_start+0xd

VM_Operation (0x0000700009d589e8): GetOrSetLocal, mode: safepoint, requested by thread 0x00007fc07e80e800


---------------  P R O C E S S  ---------------

Threads class SMR info:
_java_thread_list=0x00007fc07d63d480, length=13, elements={
0x00007fc07f001800, 0x00007fc07e06d000, 0x00007fc07f128800, 0x00007fc07d82a000,
0x00007fc07d82c000, 0x00007fc07f117000, 0x00007fc07f124800, 0x00007fc07e808800,
0x00007fc07e80e800, 0x00007fc07e80d000, 0x00007fc07f24d800, 0x00007fc07d92d800,
0x00007fc07e101000
}

Java Threads: ( => current thread )
  0x00007fc07f001800 JavaThread "main" [_thread_blocked, id=10499, stack(0x0000000106e25000,0x0000000106f25000)]
  0x00007fc07e06d000 JavaThread "Reference Handler" daemon [_thread_blocked, id=16131, stack(0x0000700009544000,0x0000700009644000)]
  0x00007fc07f128800 JavaThread "Finalizer" daemon [_thread_blocked, id=12803, stack(0x0000700009647000,0x0000700009747000)]
  0x00007fc07d82a000 JavaThread "Signal Dispatcher" daemon [_thread_blocked, id=43267, stack(0x000070000974a000,0x000070000984a000)]
  0x00007fc07d82c000 JavaThread "C2 CompilerThread0" daemon [_thread_blocked, id=42755, stack(0x000070000984d000,0x000070000994d000)]
  0x00007fc07f117000 JavaThread "C2 CompilerThread1" daemon [_thread_blocked, id=23043, stack(0x0000700009950000,0x0000700009a50000)]
  0x00007fc07f124800 JavaThread "C1 CompilerThread2" daemon [_thread_blocked, id=23299, stack(0x0000700009a53000,0x0000700009b53000)]
  0x00007fc07e808800 JavaThread "Sweeper thread" daemon [_thread_blocked, id=23811, stack(0x0000700009b56000,0x0000700009c56000)]
  0x00007fc07e80e800 JavaThread "JDWP Transport Listener: dt_socket" daemon [_thread_blocked, id=40963, stack(0x0000700009c59000,0x0000700009d59000)] _threads_hazard_ptr=0x00007fc07d63d480
  0x00007fc07e80d000 JavaThread "JDWP Event Helper Thread" daemon [_thread_blocked, id=40707, stack(0x0000700009d5c000,0x0000700009e5c000)]
  0x00007fc07f24d800 JavaThread "JDWP Command Reader" daemon [_thread_in_native, id=39939, stack(0x0000700009e5f000,0x0000700009f5f000)]
  0x00007fc07d92d800 JavaThread "Common-Cleaner" daemon [_thread_blocked, id=25347, stack(0x0000700009f62000,0x000070000a062000)]
  0x00007fc07e101000 JavaThread "Service Thread" daemon [_thread_blocked, id=25603, stack(0x000070000a065000,0x000070000a165000)]

Other Threads:
=>0x00007fc07e067800 VMThread "VM Thread" [stack: 0x0000700009441000,0x0000700009541000] [id=16899]
  0x00007fc07e1f0800 WatcherThread [stack: 0x000070000a168000,0x000070000a268000] [id=26115]
  0x00007fc07f00f800 GCTaskThread "GC Thread#0" [stack: 0x0000700008920000,0x0000700008a20000] [id=21251]
  0x00007fc07e00b800 GCTaskThread "GC Thread#1" [stack: 0x0000700008a23000,0x0000700008b23000] [id=11011]
  0x00007fc07f010800 GCTaskThread "GC Thread#2" [stack: 0x0000700008b26000,0x0000700008c26000] [id=20739]
  0x00007fc07e00c800 GCTaskThread "GC Thread#3" [stack: 0x0000700008c29000,0x0000700008d29000] [id=20227]
  0x00007fc07f053800 ConcurrentGCThread "G1 Main Marker" [stack: 0x0000700008d2c000,0x0000700008e2c000] [id=11523]
  0x00007fc07d80b800 ConcurrentGCThread "G1 Conc#0" [stack: 0x0000700008e2f000,0x0000700008f2f000] [id=12035]
  0x00007fc07f114000 ConcurrentGCThread "G1 Refine#0" [stack: 0x0000700008f32000,0x0000700009032000] [id=18947]
  0x00007fc07d80c000 ConcurrentGCThread "G1 Refine#1" [stack: 0x0000700009035000,0x0000700009135000] [id=18435]
  0x00007fc07e800800 ConcurrentGCThread "G1 Refine#2" [stack: 0x0000700009138000,0x0000700009238000] [id=18179]
  0x00007fc07d80d000 ConcurrentGCThread "G1 Refine#3" [stack: 0x000070000923b000,0x000070000933b000] [id=17667]
  0x00007fc07e801800 ConcurrentGCThread "G1 Young RemSet Sampling" [stack: 0x000070000933e000,0x000070000943e000] [id=12547]

Threads with active compile tasks:

VM state:at safepoint (normal execution)

VM Mutex/Monitor currently owned by a thread:  ([mutex/lock_event])
[0x00007fc07d40bcb0] Threads_lock - owner thread: 0x00007fc07e067800

Heap address: 0x0000000640000000, size: 6144 MB, Compressed Oops mode: Zero based, Oop shift amount: 3
Narrow klass base: 0x0000000000000000, Narrow klass shift: 3
Compressed class space size: 1073741824 Address: 0x00000007c0000000

Heap:
 garbage-first heap   total 393216K, used 2872K [0x0000000640000000, 0x00000007c0000000)
  region size 1024K, 4 young (4096K), 3 survivors (3072K)
 Metaspace       used 10790K, capacity 11216K, committed 11520K, reserved 1058816K
  class space    used 1075K, capacity 1235K, committed 1280K, reserved 1048576K
Heap Regions: E=young(eden), S=young(survivor), O=old, HS=humongous(starts), HC=humongous(continues), CS=collection set, F=free, A=archive, TS=gc time stamp, AC=allocation context, TAMS=top-at-mark-start (previous, next)
|   0|0x0000000640000000, 0x0000000640000000, 0x0000000640100000|  0%| F|  |TS  0|AC  0|TAMS 0x0000000640000000, 0x0000000640000000|
|   1|0x0000000640100000, 0x0000000640100000, 0x0000000640200000|  0%| F|  |TS  0|AC  0|TAMS 0x0000000640100000, 0x0000000640100000|
|   2|0x0000000640200000, 0x0000000640200000, 0x0000000640300000|  0%| F|  |TS  0|AC  0|TAMS 0x0000000640200000, 0x0000000640200000|
|   3|0x0000000640300000, 0x0000000640300000, 0x0000000640400000|  0%| F|  |TS  0|AC  0|TAMS 0x0000000640300000, 0x0000000640300000|
|   4|0x0000000640400000, 0x0000000640400000, 0x0000000640500000|  0%| F|  |TS  0|AC  0|TAMS 0x0000000640400000, 0x0000000640400000|
|   5|0x0000000640500000, 0x0000000640500000, 0x0000000640600000|  0%| F|  |TS  0|AC  0|TAMS 0x0000000640500000, 0x0000000640500000|
|   6|0x0000000640600000, 0x0000000640600000, 0x0000000640700000|  0%| F|  |TS  0|AC  0|TAMS 0x0000000640600000, 0x0000000640600000|
|   7|0x0000000640700000, 0x0000000640700000, 0x0000000640800000|  0%| F|  |TS  0|AC  0|TAMS 0x0000000640700000, 0x0000000640700000|
|   8|0x0000000640800000, 0x0000000640800000, 0x0000000640900000|  0%| F|  |TS  0|AC  0|TAMS 0x0000000640800000, 0x0000000640800000|
|   9|0x0000000640900000, 0x0000000640900000, 0x0000000640a00000|  0%| F|  |TS  0|AC  0|TAMS 0x0000000640900000, 0x0000000640900000|
|  10|0x0000000640a00000, 0x0000000640a00000, 0x0000000640b00000|  0%| F|  |TS  0|AC  0|TAMS 0x0000000640a00000, 0x0000000640a00000|
|  11|0x0000000640b00000, 0x0000000640b00000, 0x0000000640c00000|  0%| F|  |TS  0|AC  0|TAMS 0x0000000640b00000, 0x0000000640b00000|
|  12|0x0000000640c00000, 0x0000000640c00000, 0x0000000640d00000|  0%| F|  |TS  0|AC  0|TAMS 0x0000000640c00000, 0x0000000640c00000|
|  13|0x0000000640d00000, 0x0000000640d00000, 0x0000000640e00000|  0%| F|  |TS  0|AC  0|TAMS 0x0000000640d00000, 0x0000000640d00000|
|  14|0x0000000640e00000, 0x0000000640e00000, 0x0000000640f00000|  0%| F|  |TS  0|AC  0|TAMS 0x0000000640e00000, 0x0000000640e00000|
|  15|0x0000000640f00000, 0x0000000640f00000, 0x0000000641000000|  0%| F|  |TS  0|AC  0|TAMS 0x0000000640f00000, 0x0000000640f00000|
|  16|0x0000000641000000, 0x0000000641000000, 0x0000000641100000|  0%| F|  |TS  0|AC  0|TAMS 0x0000000641000000, 0x0000000641000000|
|  17|0x0000000641100000, 0x0000000641100000, 0x0000000641200000|  0%| F|  |TS  0|AC  0|TAMS 0x0000000641100000, 0x0000000641100000|
|  18|0x0000000641200000, 0x0000000641200000, 0x0000000641300000|  0%| F|  |TS  0|AC  0|TAMS 0x0000000641200000, 0x0000000641200000|
|  19|0x0000000641300000, 0x0000000641300000, 0x0000000641400000|  0%| F|  |TS  0|AC  0|TAMS 0x0000000641300000, 0x0000000641300000|
|  20|0x0000000641400000, 0x0000000641400000, 0x0000000641500000|  0%| F|  |TS  0|AC  0|TAMS 0x0000000641400000, 0x0000000641400000|
|  21|0x0000000641500000, 0x0000000641500000, 0x0000000641600000|  0%| F|  |TS  0|AC  0|TAMS 0x0000000641500000, 0x0000000641500000|
|  22|0x0000000641600000, 0x0000000641600000, 0x0000000641700000|  0%| F|  |TS  0|AC  0|TAMS 0x0000000641600000, 0x0000000641600000|
|  23|0x0000000641700000, 0x0000000641700000, 0x0000000641800000|  0%| F|  |TS  0|AC  0|TAMS 0x0000000641700000, 0x0000000641700000|
|  24|0x0000000641800000, 0x0000000641800000, 0x0000000641900000|  0%| F|  |TS  0|AC  0|TAMS 0x0000000641800000, 0x0000000641800000|
|  25|0x0000000641900000, 0x0000000641900000, 0x0000000641a00000|  0%| F|  |TS  0|AC  0|TAMS 0x0000000641900000, 0x0000000641900000|
|  26|0x0000000641a00000, 0x0000000641a00000, 0x0000000641b00000|  0%| F|  |TS  0|AC  0|TAMS 0x0000000641a00000, 0x0000000641a00000|
|  27|0x0000000641b00000, 0x0000000641b00000, 0x0000000641c00000|  0%| F|  |TS  0|AC  0|TAMS 0x0000000641b00000, 0x0000000641b00000|
|  28|0x0000000641c00000, 0x0000000641c00000, 0x0000000641d00000|  0%| F|  |TS  0|AC  0|TAMS 0x0000000641c00000, 0x0000000641c00000|
|  29|0x0000000641d00000, 0x0000000641d00000, 0x0000000641e00000|  0%| F|  |TS  0|AC  0|TAMS 0x0000000641d00000, 0x0000000641d00000|
|  30|0x0000000641e00000, 0x0000000641e00000, 0x0000000641f00000|  0%| F|  |TS  0|AC  0|TAMS 0x0000000641e00000, 0x0000000641e00000|
|  31|0x0000000641f00000, 0x0000000641f00000, 0x0000000642000000|  0%| F|  |TS  0|AC  0|TAMS 0x0000000641f00000, 0x0000000641f00000|
|  32|0x0000000642000000, 0x0000000642000000, 0x0000000642100000|  0%| F|  |TS  0|AC  0|TAMS 0x0000000642000000, 0x0000000642000000|
|  33|0x0000000642100000, 0x0000000642100000, 0x0000000642200000|  0%| F|  |TS  0|AC  0|TAMS 0x0000000642100000, 0x0000000642100000|
|  34|0x0000000642200000, 0x0000000642200000, 0x0000000642300000|  0%| F|  |TS  0|AC  0|TAMS 0x0000000642200000, 0x0000000642200000|
|  35|0x0000000642300000, 0x0000000642300000, 0x0000000642400000|  0%| F|  |TS  0|AC  0|TAMS 0x0000000642300000, 0x0000000642300000|
|  36|0x0000000642400000, 0x0000000642400000, 0x0000000642500000|  0%| F|  |TS  0|AC  0|TAMS 0x0000000642400000, 0x0000000642400000|
|  37|0x0000000642500000, 0x0000000642500000, 0x0000000642600000|  0%| F|  |TS  0|AC  0|TAMS 0x0000000642500000, 0x0000000642500000|
|  38|0x0000000642600000, 0x0000000642600000, 0x0000000642700000|  0%| F|  |TS  0|AC  0|TAMS 0x0000000642600000, 0x0000000642600000|
|  39|0x0000000642700000, 0x0000000642700000, 0x0000000642800000|  0%| F|  |TS  0|AC  0|TAMS 0x0000000642700000, 0x0000000642700000|
|  40|0x0000000642800000, 0x0000000642800000, 0x0000000642900000|  0%| F|  |TS  0|AC  0|TAMS 0x0000000642800000, 0x0000000642800000|
|  41|0x0000000642900000, 0x0000000642900000, 0x0000000642a00000|  0%| F|  |TS  0|AC  0|TAMS 0x0000000642900000, 0x0000000642900000|
|  42|0x0000000642a00000, 0x0000000642a00000, 0x0000000642b00000|  0%| F|  |TS  0|AC  0|TAMS 0x0000000642a00000, 0x0000000642a00000|
|  43|0x0000000642b00000, 0x0000000642b00000, 0x0000000642c00000|  0%| F|  |TS  0|AC  0|TAMS 0x0000000642b00000, 0x0000000642b00000|
|  44|0x0000000642c00000, 0x0000000642c00000, 0x0000000642d00000|  0%| F|  |TS  0|AC  0|TAMS 0x0000000642c00000, 0x0000000642c00000|
|  45|0x0000000642d00000, 0x0000000642d00000, 0x0000000642e00000|  0%| F|  |TS  0|AC  0|TAMS 0x0000000642d00000, 0x0000000642d00000|
|  46|0x0000000642e00000, 0x0000000642e00000, 0x0000000642f00000|  0%| F|  |TS  0|AC  0|TAMS 0x0000000642e00000, 0x0000000642e00000|
|  47|0x0000000642f00000, 0x0000000642f00000, 0x0000000643000000|  0%| F|  |TS  0|AC  0|TAMS 0x0000000642f00000, 0x0000000642f00000|
|  48|0x0000000643000000, 0x0000000643000000, 0x0000000643100000|  0%| F|  |TS  0|AC  0|TAMS 0x0000000643000000, 0x0000000643000000|
|  49|0x0000000643100000, 0x0000000643100000, 0x0000000643200000|  0%| F|  |TS  0|AC  0|TAMS 0x0000000643100000, 0x0000000643100000|
|  50|0x0000000643200000, 0x0000000643200000, 0x0000000643300000|  0%| F|  |TS  0|AC  0|TAMS 0x0000000643200000, 0x0000000643200000|
|  51|0x0000000643300000, 0x0000000643300000, 0x0000000643400000|  0%| F|  |TS  0|AC  0|TAMS 0x0000000643300000, 0x0000000643300000|
|  52|0x0000000643400000, 0x0000000643400000, 0x0000000643500000|  0%| F|  |TS  0|AC  0|TAMS 0x0000000643400000, 0x0000000643400000|
|  53|0x0000000643500000, 0x0000000643500000, 0x0000000643600000|  0%| F|  |TS  0|AC  0|TAMS 0x0000000643500000, 0x0000000643500000|
|  54|0x0000000643600000, 0x0000000643600000, 0x0000000643700000|  0%| F|  |TS  0|AC  0|TAMS 0x0000000643600000, 0x0000000643600000|
|  55|0x0000000643700000, 0x0000000643700000, 0x0000000643800000|  0%| F|  |TS  0|AC  0|TAMS 0x0000000643700000, 0x0000000643700000|
|  56|0x0000000643800000, 0x0000000643800000, 0x0000000643900000|  0%| F|  |TS  0|AC  0|TAMS 0x0000000643800000, 0x0000000643800000|
|  57|0x0000000643900000, 0x0000000643900000, 0x0000000643a00000|  0%| F|  |TS  0|AC  0|TAMS 0x0000000643900000, 0x0000000643900000|
|  58|0x0000000643a00000, 0x0000000643a00000, 0x0000000643b00000|  0%| F|  |TS  0|AC  0|TAMS 0x0000000643a00000, 0x0000000643a00000|
|  59|0x0000000643b00000, 0x0000000643b00000, 0x0000000643c00000|  0%| F|  |TS  0|AC  0|TAMS 0x0000000643b00000, 0x0000000643b00000|
|  60|0x0000000643c00000, 0x0000000643c00000, 0x0000000643d00000|  0%| F|  |TS  0|AC  0|TAMS 0x0000000643c00000, 0x0000000643c00000|
|  61|0x0000000643d00000, 0x0000000643d00000, 0x0000000643e00000|  0%| F|  |TS  0|AC  0|TAMS 0x0000000643d00000, 0x0000000643d00000|
|  62|0x0000000643e00000, 0x0000000643e00000, 0x0000000643f00000|  0%| F|  |TS  0|AC  0|TAMS 0x0000000643e00000, 0x0000000643e00000|
|  63|0x0000000643f00000, 0x0000000643f00000, 0x0000000644000000|  0%| F|  |TS  0|AC  0|TAMS 0x0000000643f00000, 0x0000000643f00000|
|  64|0x0000000644000000, 0x0000000644000000, 0x0000000644100000|  0%| F|  |TS  0|AC  0|TAMS 0x0000000644000000, 0x0000000644000000|
|  65|0x0000000644100000, 0x0000000644100000, 0x0000000644200000|  0%| F|  |TS  0|AC  0|TAMS 0x0000000644100000, 0x0000000644100000|
|  66|0x0000000644200000, 0x0000000644200000, 0x0000000644300000|  0%| F|  |TS  0|AC  0|TAMS 0x0000000644200000, 0x0000000644200000|
|  67|0x0000000644300000, 0x0000000644300000, 0x0000000644400000|  0%| F|  |TS  0|AC  0|TAMS 0x0000000644300000, 0x0000000644300000|
|  68|0x0000000644400000, 0x0000000644400000, 0x0000000644500000|  0%| F|  |TS  0|AC  0|TAMS 0x0000000644400000, 0x0000000644400000|
|  69|0x0000000644500000, 0x0000000644500000, 0x0000000644600000|  0%| F|  |TS  0|AC  0|TAMS 0x0000000644500000, 0x0000000644500000|
|  70|0x0000000644600000, 0x0000000644600000, 0x0000000644700000|  0%| F|  |TS  0|AC  0|TAMS 0x0000000644600000, 0x0000000644600000|
|  71|0x0000000644700000, 0x0000000644700000, 0x0000000644800000|  0%| F|  |TS  0|AC  0|TAMS 0x0000000644700000, 0x0000000644700000|
|  72|0x0000000644800000, 0x0000000644800000, 0x0000000644900000|  0%| F|  |TS  0|AC  0|TAMS 0x0000000644800000, 0x0000000644800000|
|  73|0x0000000644900000, 0x0000000644900000, 0x0000000644a00000|  0%| F|  |TS  0|AC  0|TAMS 0x0000000644900000, 0x0000000644900000|
|  74|0x0000000644a00000, 0x0000000644a00000, 0x0000000644b00000|  0%| F|  |TS  0|AC  0|TAMS 0x0000000644a00000, 0x0000000644a00000|
|  75|0x0000000644b00000, 0x0000000644b00000, 0x0000000644c00000|  0%| F|  |TS  0|AC  0|TAMS 0x0000000644b00000, 0x0000000644b00000|
|  76|0x0000000644c00000, 0x0000000644c00000, 0x0000000644d00000|  0%| F|  |TS  0|AC  0|TAMS 0x0000000644c00000, 0x0000000644c00000|
|  77|0x0000000644d00000, 0x0000000644d00000, 0x0000000644e00000|  0%| F|  |TS  0|AC  0|TAMS 0x0000000644d00000, 0x0000000644d00000|
|  78|0x0000000644e00000, 0x0000000644e00000, 0x0000000644f00000|  0%| F|  |TS  0|AC  0|TAMS 0x0000000644e00000, 0x0000000644e00000|
|  79|0x0000000644f00000, 0x0000000644f00000, 0x0000000645000000|  0%| F|  |TS  0|AC  0|TAMS 0x0000000644f00000, 0x0000000644f00000|
|  80|0x0000000645000000, 0x0000000645000000, 0x0000000645100000|  0%| F|  |TS  0|AC  0|TAMS 0x0000000645000000, 0x0000000645000000|
|  81|0x0000000645100000, 0x0000000645100000, 0x0000000645200000|  0%| F|  |TS  0|AC  0|TAMS 0x0000000645100000, 0x0000000645100000|
|  82|0x0000000645200000, 0x0000000645200000, 0x0000000645300000|  0%| F|  |TS  0|AC  0|TAMS 0x0000000645200000, 0x0000000645200000|
|  83|0x0000000645300000, 0x0000000645300000, 0x0000000645400000|  0%| F|  |TS  0|AC  0|TAMS 0x0000000645300000, 0x0000000645300000|
|  84|0x0000000645400000, 0x0000000645400000, 0x0000000645500000|  0%| F|  |TS  0|AC  0|TAMS 0x0000000645400000, 0x0000000645400000|
|  85|0x0000000645500000, 0x0000000645500000, 0x0000000645600000|  0%| F|  |TS  0|AC  0|TAMS 0x0000000645500000, 0x0000000645500000|
|  86|0x0000000645600000, 0x0000000645600000, 0x0000000645700000|  0%| F|  |TS  0|AC  0|TAMS 0x0000000645600000, 0x0000000645600000|
|  87|0x0000000645700000, 0x0000000645700000, 0x0000000645800000|  0%| F|  |TS  0|AC  0|TAMS 0x0000000645700000, 0x0000000645700000|
|  88|0x0000000645800000, 0x0000000645800000, 0x0000000645900000|  0%| F|  |TS  0|AC  0|TAMS 0x0000000645800000, 0x0000000645800000|
|  89|0x0000000645900000, 0x0000000645900000, 0x0000000645a00000|  0%| F|  |TS  0|AC  0|TAMS 0x0000000645900000, 0x0000000645900000|
|  90|0x0000000645a00000, 0x0000000645a00000, 0x0000000645b00000|  0%| F|  |TS  0|AC  0|TAMS 0x0000000645a00000, 0x0000000645a00000|
|  91|0x0000000645b00000, 0x0000000645b00000, 0x0000000645c00000|  0%| F|  |TS  0|AC  0|TAMS 0x0000000645b00000, 0x0000000645b00000|
|  92|0x0000000645c00000, 0x0000000645c00000, 0x0000000645d00000|  0%| F|  |TS  0|AC  0|TAMS 0x0000000645c00000, 0x0000000645c00000|
|  93|0x0000000645d00000, 0x0000000645d00000, 0x0000000645e00000|  0%| F|  |TS  0|AC  0|TAMS 0x0000000645d00000, 0x0000000645d00000|
|  94|0x0000000645e00000, 0x0000000645e00000, 0x0000000645f00000|  0%| F|  |TS  0|AC  0|TAMS 0x0000000645e00000, 0x0000000645e00000|
|  95|0x0000000645f00000, 0x0000000645f00000, 0x0000000646000000|  0%| F|  |TS  0|AC  0|TAMS 0x0000000645f00000, 0x0000000645f00000|
|  96|0x0000000646000000, 0x0000000646000000, 0x0000000646100000|  0%| F|  |TS  0|AC  0|TAMS 0x0000000646000000, 0x0000000646000000|
|  97|0x0000000646100000, 0x0000000646100000, 0x0000000646200000|  0%| F|  |TS  0|AC  0|TAMS 0x0000000646100000, 0x0000000646100000|
|  98|0x0000000646200000, 0x0000000646200000, 0x0000000646300000|  0%| F|  |TS  0|AC  0|TAMS 0x0000000646200000, 0x0000000646200000|
|  99|0x0000000646300000, 0x0000000646300000, 0x0000000646400000|  0%| F|  |TS  0|AC  0|TAMS 0x0000000646300000, 0x0000000646300000|
| 100|0x0000000646400000, 0x0000000646400000, 0x0000000646500000|  0%| F|  |TS  0|AC  0|TAMS 0x0000000646400000, 0x0000000646400000|
| 101|0x0000000646500000, 0x0000000646500000, 0x0000000646600000|  0%| F|  |TS  0|AC  0|TAMS 0x0000000646500000, 0x0000000646500000|
| 102|0x0000000646600000, 0x0000000646600000, 0x0000000646700000|  0%| F|  |TS  0|AC  0|TAMS 0x0000000646600000, 0x0000000646600000|
| 103|0x0000000646700000, 0x0000000646700000, 0x0000000646800000|  0%| F|  |TS  0|AC  0|TAMS 0x0000000646700000, 0x0000000646700000|
| 104|0x0000000646800000, 0x0000000646800000, 0x0000000646900000|  0%| F|  |TS  0|AC  0|TAMS 0x0000000646800000, 0x0000000646800000|
| 105|0x0000000646900000, 0x0000000646900000, 0x0000000646a00000|  0%| F|  |TS  0|AC  0|TAMS 0x0000000646900000, 0x0000000646900000|
| 106|0x0000000646a00000, 0x0000000646a00000, 0x0000000646b00000|  0%| F|  |TS  0|AC  0|TAMS 0x0000000646a00000, 0x0000000646a00000|
| 107|0x0000000646b00000, 0x0000000646b00000, 0x0000000646c00000|  0%| F|  |TS  0|AC  0|TAMS 0x0000000646b00000, 0x0000000646b00000|
| 108|0x0000000646c00000, 0x0000000646c00000, 0x0000000646d00000|  0%| F|  |TS  0|AC  0|TAMS 0x0000000646c00000, 0x0000000646c00000|
| 109|0x0000000646d00000, 0x0000000646d00000, 0x0000000646e00000|  0%| F|  |TS  0|AC  0|TAMS 0x0000000646d00000, 0x0000000646d00000|
| 110|0x0000000646e00000, 0x0000000646e00000, 0x0000000646f00000|  0%| F|  |TS  0|AC  0|TAMS 0x0000000646e00000, 0x0000000646e00000|
| 111|0x0000000646f00000, 0x0000000646f00000, 0x0000000647000000|  0%| F|  |TS  0|AC  0|TAMS 0x0000000646f00000, 0x0000000646f00000|
| 112|0x0000000647000000, 0x0000000647000000, 0x0000000647100000|  0%| F|  |TS  0|AC  0|TAMS 0x0000000647000000, 0x0000000647000000|
| 113|0x0000000647100000, 0x0000000647100000, 0x0000000647200000|  0%| F|  |TS  0|AC  0|TAMS 0x0000000647100000, 0x0000000647100000|
| 114|0x0000000647200000, 0x0000000647200000, 0x0000000647300000|  0%| F|  |TS  0|AC  0|TAMS 0x0000000647200000, 0x0000000647200000|
| 115|0x0000000647300000, 0x0000000647300000, 0x0000000647400000|  0%| F|  |TS  0|AC  0|TAMS 0x0000000647300000, 0x0000000647300000|
| 116|0x0000000647400000, 0x0000000647400000, 0x0000000647500000|  0%| F|  |TS  0|AC  0|TAMS 0x0000000647400000, 0x0000000647400000|
| 117|0x0000000647500000, 0x0000000647500000, 0x0000000647600000|  0%| F|  |TS  0|AC  0|TAMS 0x0000000647500000, 0x0000000647500000|
| 118|0x0000000647600000, 0x0000000647600000, 0x0000000647700000|  0%| F|  |TS  0|AC  0|TAMS 0x0000000647600000, 0x0000000647600000|
| 119|0x0000000647700000, 0x0000000647700000, 0x0000000647800000|  0%| F|  |TS  0|AC  0|TAMS 0x0000000647700000, 0x0000000647700000|
| 120|0x0000000647800000, 0x0000000647800000, 0x0000000647900000|  0%| F|  |TS  0|AC  0|TAMS 0x0000000647800000, 0x0000000647800000|
| 121|0x0000000647900000, 0x0000000647900000, 0x0000000647a00000|  0%| F|  |TS  0|AC  0|TAMS 0x0000000647900000, 0x0000000647900000|
| 122|0x0000000647a00000, 0x0000000647a00000, 0x0000000647b00000|  0%| F|  |TS  0|AC  0|TAMS 0x0000000647a00000, 0x0000000647a00000|
| 123|0x0000000647b00000, 0x0000000647b00000, 0x0000000647c00000|  0%| F|  |TS  0|AC  0|TAMS 0x0000000647b00000, 0x0000000647b00000|
| 124|0x0000000647c00000, 0x0000000647c00000, 0x0000000647d00000|  0%| F|  |TS  0|AC  0|TAMS 0x0000000647c00000, 0x0000000647c00000|
| 125|0x0000000647d00000, 0x0000000647d00000, 0x0000000647e00000|  0%| F|  |TS  0|AC  0|TAMS 0x0000000647d00000, 0x0000000647d00000|
| 126|0x0000000647e00000, 0x0000000647e00000, 0x0000000647f00000|  0%| F|  |TS  0|AC  0|TAMS 0x0000000647e00000, 0x0000000647e00000|
| 127|0x0000000647f00000, 0x0000000647f00000, 0x0000000648000000|  0%| F|  |TS  0|AC  0|TAMS 0x0000000647f00000, 0x0000000647f00000|
| 128|0x0000000648000000, 0x0000000648000000, 0x0000000648100000|  0%| F|  |TS  0|AC  0|TAMS 0x0000000648000000, 0x0000000648000000|
| 129|0x0000000648100000, 0x0000000648100000, 0x0000000648200000|  0%| F|  |TS  0|AC  0|TAMS 0x0000000648100000, 0x0000000648100000|
| 130|0x0000000648200000, 0x0000000648200000, 0x0000000648300000|  0%| F|  |TS  0|AC  0|TAMS 0x0000000648200000, 0x0000000648200000|
| 131|0x0000000648300000, 0x0000000648300000, 0x0000000648400000|  0%| F|  |TS  0|AC  0|TAMS 0x0000000648300000, 0x0000000648300000|
| 132|0x0000000648400000, 0x0000000648400000, 0x0000000648500000|  0%| F|  |TS  0|AC  0|TAMS 0x0000000648400000, 0x0000000648400000|
| 133|0x0000000648500000, 0x0000000648500000, 0x0000000648600000|  0%| F|  |TS  0|AC  0|TAMS 0x0000000648500000, 0x0000000648500000|
| 134|0x0000000648600000, 0x0000000648600000, 0x0000000648700000|  0%| F|  |TS  0|AC  0|TAMS 0x0000000648600000, 0x0000000648600000|
| 135|0x0000000648700000, 0x0000000648700000, 0x0000000648800000|  0%| F|  |TS  0|AC  0|TAMS 0x0000000648700000, 0x0000000648700000|
| 136|0x0000000648800000, 0x0000000648800000, 0x0000000648900000|  0%| F|  |TS  0|AC  0|TAMS 0x0000000648800000, 0x0000000648800000|
| 137|0x0000000648900000, 0x0000000648900000, 0x0000000648a00000|  0%| F|  |TS  0|AC  0|TAMS 0x0000000648900000, 0x0000000648900000|
| 138|0x0000000648a00000, 0x0000000648a00000, 0x0000000648b00000|  0%| F|  |TS  0|AC  0|TAMS 0x0000000648a00000, 0x0000000648a00000|
| 139|0x0000000648b00000, 0x0000000648b00000, 0x0000000648c00000|  0%| F|  |TS  0|AC  0|TAMS 0x0000000648b00000, 0x0000000648b00000|
| 140|0x0000000648c00000, 0x0000000648c00000, 0x0000000648d00000|  0%| F|  |TS  0|AC  0|TAMS 0x0000000648c00000, 0x0000000648c00000|
| 141|0x0000000648d00000, 0x0000000648d00000, 0x0000000648e00000|  0%| F|  |TS  0|AC  0|TAMS 0x0000000648d00000, 0x0000000648d00000|
| 142|0x0000000648e00000, 0x0000000648e00000, 0x0000000648f00000|  0%| F|  |TS  0|AC  0|TAMS 0x0000000648e00000, 0x0000000648e00000|
| 143|0x0000000648f00000, 0x0000000648f00000, 0x0000000649000000|  0%| F|  |TS  0|AC  0|TAMS 0x0000000648f00000, 0x0000000648f00000|
| 144|0x0000000649000000, 0x0000000649000000, 0x0000000649100000|  0%| F|  |TS  0|AC  0|TAMS 0x0000000649000000, 0x0000000649000000|
| 145|0x0000000649100000, 0x0000000649100000, 0x0000000649200000|  0%| F|  |TS  0|AC  0|TAMS 0x0000000649100000, 0x0000000649100000|
| 146|0x0000000649200000, 0x0000000649200000, 0x0000000649300000|  0%| F|  |TS  0|AC  0|TAMS 0x0000000649200000, 0x0000000649200000|
| 147|0x0000000649300000, 0x0000000649300000, 0x0000000649400000|  0%| F|  |TS  0|AC  0|TAMS 0x0000000649300000, 0x0000000649300000|
| 148|0x0000000649400000, 0x0000000649400000, 0x0000000649500000|  0%| F|  |TS  0|AC  0|TAMS 0x0000000649400000, 0x0000000649400000|
| 149|0x0000000649500000, 0x0000000649500000, 0x0000000649600000|  0%| F|  |TS  0|AC  0|TAMS 0x0000000649500000, 0x0000000649500000|
| 150|0x0000000649600000, 0x0000000649600000, 0x0000000649700000|  0%| F|  |TS  0|AC  0|TAMS 0x0000000649600000, 0x0000000649600000|
| 151|0x0000000649700000, 0x0000000649700000, 0x0000000649800000|  0%| F|  |TS  0|AC  0|TAMS 0x0000000649700000, 0x0000000649700000|
| 152|0x0000000649800000, 0x0000000649800000, 0x0000000649900000|  0%| F|  |TS  0|AC  0|TAMS 0x0000000649800000, 0x0000000649800000|
| 153|0x0000000649900000, 0x0000000649900000, 0x0000000649a00000|  0%| F|  |TS  0|AC  0|TAMS 0x0000000649900000, 0x0000000649900000|
| 154|0x0000000649a00000, 0x0000000649a00000, 0x0000000649b00000|  0%| F|  |TS  0|AC  0|TAMS 0x0000000649a00000, 0x0000000649a00000|
| 155|0x0000000649b00000, 0x0000000649b00000, 0x0000000649c00000|  0%| F|  |TS  0|AC  0|TAMS 0x0000000649b00000, 0x0000000649b00000|
| 156|0x0000000649c00000, 0x0000000649c00000, 0x0000000649d00000|  0%| F|  |TS  0|AC  0|TAMS 0x0000000649c00000, 0x0000000649c00000|
| 157|0x0000000649d00000, 0x0000000649d00000, 0x0000000649e00000|  0%| F|  |TS  0|AC  0|TAMS 0x0000000649d00000, 0x0000000649d00000|
| 158|0x0000000649e00000, 0x0000000649e00000, 0x0000000649f00000|  0%| F|  |TS  0|AC  0|TAMS 0x0000000649e00000, 0x0000000649e00000|
| 159|0x0000000649f00000, 0x0000000649f00000, 0x000000064a000000|  0%| F|  |TS  0|AC  0|TAMS 0x0000000649f00000, 0x0000000649f00000|
| 160|0x000000064a000000, 0x000000064a000000, 0x000000064a100000|  0%| F|  |TS  0|AC  0|TAMS 0x000000064a000000, 0x000000064a000000|
| 161|0x000000064a100000, 0x000000064a100000, 0x000000064a200000|  0%| F|  |TS  0|AC  0|TAMS 0x000000064a100000, 0x000000064a100000|
| 162|0x000000064a200000, 0x000000064a200000, 0x000000064a300000|  0%| F|  |TS  0|AC  0|TAMS 0x000000064a200000, 0x000000064a200000|
| 163|0x000000064a300000, 0x000000064a300000, 0x000000064a400000|  0%| F|  |TS  0|AC  0|TAMS 0x000000064a300000, 0x000000064a300000|
| 164|0x000000064a400000, 0x000000064a400000, 0x000000064a500000|  0%| F|  |TS  0|AC  0|TAMS 0x000000064a400000, 0x000000064a400000|
| 165|0x000000064a500000, 0x000000064a500000, 0x000000064a600000|  0%| F|  |TS  0|AC  0|TAMS 0x000000064a500000, 0x000000064a500000|
| 166|0x000000064a600000, 0x000000064a600000, 0x000000064a700000|  0%| F|  |TS  0|AC  0|TAMS 0x000000064a600000, 0x000000064a600000|
| 167|0x000000064a700000, 0x000000064a700000, 0x000000064a800000|  0%| F|  |TS  0|AC  0|TAMS 0x000000064a700000, 0x000000064a700000|
| 168|0x000000064a800000, 0x000000064a800000, 0x000000064a900000|  0%| F|  |TS  0|AC  0|TAMS 0x000000064a800000, 0x000000064a800000|
| 169|0x000000064a900000, 0x000000064a900000, 0x000000064aa00000|  0%| F|  |TS  0|AC  0|TAMS 0x000000064a900000, 0x000000064a900000|
| 170|0x000000064aa00000, 0x000000064aa00000, 0x000000064ab00000|  0%| F|  |TS  0|AC  0|TAMS 0x000000064aa00000, 0x000000064aa00000|
| 171|0x000000064ab00000, 0x000000064ab00000, 0x000000064ac00000|  0%| F|  |TS  0|AC  0|TAMS 0x000000064ab00000, 0x000000064ab00000|
| 172|0x000000064ac00000, 0x000000064ac00000, 0x000000064ad00000|  0%| F|  |TS  0|AC  0|TAMS 0x000000064ac00000, 0x000000064ac00000|
| 173|0x000000064ad00000, 0x000000064ad00000, 0x000000064ae00000|  0%| F|  |TS  0|AC  0|TAMS 0x000000064ad00000, 0x000000064ad00000|
| 174|0x000000064ae00000, 0x000000064ae00000, 0x000000064af00000|  0%| F|  |TS  0|AC  0|TAMS 0x000000064ae00000, 0x000000064ae00000|
| 175|0x000000064af00000, 0x000000064af00000, 0x000000064b000000|  0%| F|  |TS  0|AC  0|TAMS 0x000000064af00000, 0x000000064af00000|
| 176|0x000000064b000000, 0x000000064b000000, 0x000000064b100000|  0%| F|  |TS  0|AC  0|TAMS 0x000000064b000000, 0x000000064b000000|
| 177|0x000000064b100000, 0x000000064b100000, 0x000000064b200000|  0%| F|  |TS  0|AC  0|TAMS 0x000000064b100000, 0x000000064b100000|
| 178|0x000000064b200000, 0x000000064b200000, 0x000000064b300000|  0%| F|  |TS  0|AC  0|TAMS 0x000000064b200000, 0x000000064b200000|
| 179|0x000000064b300000, 0x000000064b300000, 0x000000064b400000|  0%| F|  |TS  0|AC  0|TAMS 0x000000064b300000, 0x000000064b300000|
| 180|0x000000064b400000, 0x000000064b400000, 0x000000064b500000|  0%| F|  |TS  0|AC  0|TAMS 0x000000064b400000, 0x000000064b400000|
| 181|0x000000064b500000, 0x000000064b500000, 0x000000064b600000|  0%| F|  |TS  0|AC  0|TAMS 0x000000064b500000, 0x000000064b500000|
| 182|0x000000064b600000, 0x000000064b600000, 0x000000064b700000|  0%| F|  |TS  0|AC  0|TAMS 0x000000064b600000, 0x000000064b600000|
| 183|0x000000064b700000, 0x000000064b700000, 0x000000064b800000|  0%| F|  |TS  0|AC  0|TAMS 0x000000064b700000, 0x000000064b700000|
| 184|0x000000064b800000, 0x000000064b800000, 0x000000064b900000|  0%| F|  |TS  0|AC  0|TAMS 0x000000064b800000, 0x000000064b800000|
| 185|0x000000064b900000, 0x000000064b900000, 0x000000064ba00000|  0%| F|  |TS  0|AC  0|TAMS 0x000000064b900000, 0x000000064b900000|
| 186|0x000000064ba00000, 0x000000064ba00000, 0x000000064bb00000|  0%| F|  |TS  0|AC  0|TAMS 0x000000064ba00000, 0x000000064ba00000|
| 187|0x000000064bb00000, 0x000000064bb00000, 0x000000064bc00000|  0%| F|  |TS  0|AC  0|TAMS 0x000000064bb00000, 0x000000064bb00000|
| 188|0x000000064bc00000, 0x000000064bc00000, 0x000000064bd00000|  0%| F|  |TS  0|AC  0|TAMS 0x000000064bc00000, 0x000000064bc00000|
| 189|0x000000064bd00000, 0x000000064bd00000, 0x000000064be00000|  0%| F|  |TS  0|AC  0|TAMS 0x000000064bd00000, 0x000000064bd00000|
| 190|0x000000064be00000, 0x000000064be00000, 0x000000064bf00000|  0%| F|  |TS  0|AC  0|TAMS 0x000000064be00000, 0x000000064be00000|
| 191|0x000000064bf00000, 0x000000064bf00000, 0x000000064c000000|  0%| F|  |TS  0|AC  0|TAMS 0x000000064bf00000, 0x000000064bf00000|
| 192|0x000000064c000000, 0x000000064c000000, 0x000000064c100000|  0%| F|  |TS  0|AC  0|TAMS 0x000000064c000000, 0x000000064c000000|
| 193|0x000000064c100000, 0x000000064c100000, 0x000000064c200000|  0%| F|  |TS  0|AC  0|TAMS 0x000000064c100000, 0x000000064c100000|
| 194|0x000000064c200000, 0x000000064c200000, 0x000000064c300000|  0%| F|  |TS  0|AC  0|TAMS 0x000000064c200000, 0x000000064c200000|
| 195|0x000000064c300000, 0x000000064c300000, 0x000000064c400000|  0%| F|  |TS  0|AC  0|TAMS 0x000000064c300000, 0x000000064c300000|
| 196|0x000000064c400000, 0x000000064c400000, 0x000000064c500000|  0%| F|  |TS  0|AC  0|TAMS 0x000000064c400000, 0x000000064c400000|
| 197|0x000000064c500000, 0x000000064c500000, 0x000000064c600000|  0%| F|  |TS  0|AC  0|TAMS 0x000000064c500000, 0x000000064c500000|
| 198|0x000000064c600000, 0x000000064c600000, 0x000000064c700000|  0%| F|  |TS  0|AC  0|TAMS 0x000000064c600000, 0x000000064c600000|
| 199|0x000000064c700000, 0x000000064c700000, 0x000000064c800000|  0%| F|  |TS  0|AC  0|TAMS 0x000000064c700000, 0x000000064c700000|
| 200|0x000000064c800000, 0x000000064c800000, 0x000000064c900000|  0%| F|  |TS  0|AC  0|TAMS 0x000000064c800000, 0x000000064c800000|
| 201|0x000000064c900000, 0x000000064c900000, 0x000000064ca00000|  0%| F|  |TS  0|AC  0|TAMS 0x000000064c900000, 0x000000064c900000|
| 202|0x000000064ca00000, 0x000000064ca00000, 0x000000064cb00000|  0%| F|  |TS  0|AC  0|TAMS 0x000000064ca00000, 0x000000064ca00000|
| 203|0x000000064cb00000, 0x000000064cb00000, 0x000000064cc00000|  0%| F|  |TS  0|AC  0|TAMS 0x000000064cb00000, 0x000000064cb00000|
| 204|0x000000064cc00000, 0x000000064cc00000, 0x000000064cd00000|  0%| F|  |TS  0|AC  0|TAMS 0x000000064cc00000, 0x000000064cc00000|
| 205|0x000000064cd00000, 0x000000064cd00000, 0x000000064ce00000|  0%| F|  |TS  0|AC  0|TAMS 0x000000064cd00000, 0x000000064cd00000|
| 206|0x000000064ce00000, 0x000000064ce00000, 0x000000064cf00000|  0%| F|  |TS  0|AC  0|TAMS 0x000000064ce00000, 0x000000064ce00000|
| 207|0x000000064cf00000, 0x000000064cf00000, 0x000000064d000000|  0%| F|  |TS  0|AC  0|TAMS 0x000000064cf00000, 0x000000064cf00000|
| 208|0x000000064d000000, 0x000000064d000000, 0x000000064d100000|  0%| F|  |TS  0|AC  0|TAMS 0x000000064d000000, 0x000000064d000000|
| 209|0x000000064d100000, 0x000000064d100000, 0x000000064d200000|  0%| F|  |TS  0|AC  0|TAMS 0x000000064d100000, 0x000000064d100000|
| 210|0x000000064d200000, 0x000000064d200000, 0x000000064d300000|  0%| F|  |TS  0|AC  0|TAMS 0x000000064d200000, 0x000000064d200000|
| 211|0x000000064d300000, 0x000000064d300000, 0x000000064d400000|  0%| F|  |TS  0|AC  0|TAMS 0x000000064d300000, 0x000000064d300000|
| 212|0x000000064d400000, 0x000000064d400000, 0x000000064d500000|  0%| F|  |TS  0|AC  0|TAMS 0x000000064d400000, 0x000000064d400000|
| 213|0x000000064d500000, 0x000000064d500000, 0x000000064d600000|  0%| F|  |TS  0|AC  0|TAMS 0x000000064d500000, 0x000000064d500000|
| 214|0x000000064d600000, 0x000000064d600000, 0x000000064d700000|  0%| F|  |TS  0|AC  0|TAMS 0x000000064d600000, 0x000000064d600000|
| 215|0x000000064d700000, 0x000000064d700000, 0x000000064d800000|  0%| F|  |TS  0|AC  0|TAMS 0x000000064d700000, 0x000000064d700000|
| 216|0x000000064d800000, 0x000000064d800000, 0x000000064d900000|  0%| F|  |TS  0|AC  0|TAMS 0x000000064d800000, 0x000000064d800000|
| 217|0x000000064d900000, 0x000000064d900000, 0x000000064da00000|  0%| F|  |TS  0|AC  0|TAMS 0x000000064d900000, 0x000000064d900000|
| 218|0x000000064da00000, 0x000000064da00000, 0x000000064db00000|  0%| F|  |TS  0|AC  0|TAMS 0x000000064da00000, 0x000000064da00000|
| 219|0x000000064db00000, 0x000000064db00000, 0x000000064dc00000|  0%| F|  |TS  0|AC  0|TAMS 0x000000064db00000, 0x000000064db00000|
| 220|0x000000064dc00000, 0x000000064dc00000, 0x000000064dd00000|  0%| F|  |TS  0|AC  0|TAMS 0x000000064dc00000, 0x000000064dc00000|
| 221|0x000000064dd00000, 0x000000064dd00000, 0x000000064de00000|  0%| F|  |TS  0|AC  0|TAMS 0x000000064dd00000, 0x000000064dd00000|
| 222|0x000000064de00000, 0x000000064de00000, 0x000000064df00000|  0%| F|  |TS  0|AC  0|TAMS 0x000000064de00000, 0x000000064de00000|
| 223|0x000000064df00000, 0x000000064df00000, 0x000000064e000000|  0%| F|  |TS  0|AC  0|TAMS 0x000000064df00000, 0x000000064df00000|
| 224|0x000000064e000000, 0x000000064e000000, 0x000000064e100000|  0%| F|  |TS  0|AC  0|TAMS 0x000000064e000000, 0x000000064e000000|
| 225|0x000000064e100000, 0x000000064e100000, 0x000000064e200000|  0%| F|  |TS  0|AC  0|TAMS 0x000000064e100000, 0x000000064e100000|
| 226|0x000000064e200000, 0x000000064e200000, 0x000000064e300000|  0%| F|  |TS  0|AC  0|TAMS 0x000000064e200000, 0x000000064e200000|
| 227|0x000000064e300000, 0x000000064e300000, 0x000000064e400000|  0%| F|  |TS  0|AC  0|TAMS 0x000000064e300000, 0x000000064e300000|
| 228|0x000000064e400000, 0x000000064e400000, 0x000000064e500000|  0%| F|  |TS  0|AC  0|TAMS 0x000000064e400000, 0x000000064e400000|
| 229|0x000000064e500000, 0x000000064e500000, 0x000000064e600000|  0%| F|  |TS  0|AC  0|TAMS 0x000000064e500000, 0x000000064e500000|
| 230|0x000000064e600000, 0x000000064e600000, 0x000000064e700000|  0%| F|  |TS  0|AC  0|TAMS 0x000000064e600000, 0x000000064e600000|
| 231|0x000000064e700000, 0x000000064e700000, 0x000000064e800000|  0%| F|  |TS  0|AC  0|TAMS 0x000000064e700000, 0x000000064e700000|
| 232|0x000000064e800000, 0x000000064e800000, 0x000000064e900000|  0%| F|  |TS  0|AC  0|TAMS 0x000000064e800000, 0x000000064e800000|
| 233|0x000000064e900000, 0x000000064e900000, 0x000000064ea00000|  0%| F|  |TS  0|AC  0|TAMS 0x000000064e900000, 0x000000064e900000|
| 234|0x000000064ea00000, 0x000000064ea00000, 0x000000064eb00000|  0%| F|  |TS  0|AC  0|TAMS 0x000000064ea00000, 0x000000064ea00000|
| 235|0x000000064eb00000, 0x000000064eb00000, 0x000000064ec00000|  0%| F|  |TS  0|AC  0|TAMS 0x000000064eb00000, 0x000000064eb00000|
| 236|0x000000064ec00000, 0x000000064ec00000, 0x000000064ed00000|  0%| F|  |TS  0|AC  0|TAMS 0x000000064ec00000, 0x000000064ec00000|
| 237|0x000000064ed00000, 0x000000064ed00000, 0x000000064ee00000|  0%| F|  |TS  0|AC  0|TAMS 0x000000064ed00000, 0x000000064ed00000|
| 238|0x000000064ee00000, 0x000000064ee00000, 0x000000064ef00000|  0%| F|  |TS  0|AC  0|TAMS 0x000000064ee00000, 0x000000064ee00000|
| 239|0x000000064ef00000, 0x000000064ef00000, 0x000000064f000000|  0%| F|  |TS  0|AC  0|TAMS 0x000000064ef00000, 0x000000064ef00000|
| 240|0x000000064f000000, 0x000000064f000000, 0x000000064f100000|  0%| F|  |TS  0|AC  0|TAMS 0x000000064f000000, 0x000000064f000000|
| 241|0x000000064f100000, 0x000000064f100000, 0x000000064f200000|  0%| F|  |TS  0|AC  0|TAMS 0x000000064f100000, 0x000000064f100000|
| 242|0x000000064f200000, 0x000000064f200000, 0x000000064f300000|  0%| F|  |TS  0|AC  0|TAMS 0x000000064f200000, 0x000000064f200000|
| 243|0x000000064f300000, 0x000000064f300000, 0x000000064f400000|  0%| F|  |TS  0|AC  0|TAMS 0x000000064f300000, 0x000000064f300000|
| 244|0x000000064f400000, 0x000000064f400000, 0x000000064f500000|  0%| F|  |TS  0|AC  0|TAMS 0x000000064f400000, 0x000000064f400000|
| 245|0x000000064f500000, 0x000000064f500000, 0x000000064f600000|  0%| F|  |TS  0|AC  0|TAMS 0x000000064f500000, 0x000000064f500000|
| 246|0x000000064f600000, 0x000000064f600000, 0x000000064f700000|  0%| F|  |TS  0|AC  0|TAMS 0x000000064f600000, 0x000000064f600000|
| 247|0x000000064f700000, 0x000000064f700000, 0x000000064f800000|  0%| F|  |TS  0|AC  0|TAMS 0x000000064f700000, 0x000000064f700000|
| 248|0x000000064f800000, 0x000000064f800000, 0x000000064f900000|  0%| F|  |TS  0|AC  0|TAMS 0x000000064f800000, 0x000000064f800000|
| 249|0x000000064f900000, 0x000000064f900000, 0x000000064fa00000|  0%| F|  |TS  0|AC  0|TAMS 0x000000064f900000, 0x000000064f900000|
| 250|0x000000064fa00000, 0x000000064fa00000, 0x000000064fb00000|  0%| F|  |TS  0|AC  0|TAMS 0x000000064fa00000, 0x000000064fa00000|
| 251|0x000000064fb00000, 0x000000064fb00000, 0x000000064fc00000|  0%| F|  |TS  0|AC  0|TAMS 0x000000064fb00000, 0x000000064fb00000|
| 252|0x000000064fc00000, 0x000000064fc00000, 0x000000064fd00000|  0%| F|  |TS  0|AC  0|TAMS 0x000000064fc00000, 0x000000064fc00000|
| 253|0x000000064fd00000, 0x000000064fd00000, 0x000000064fe00000|  0%| F|  |TS  0|AC  0|TAMS 0x000000064fd00000, 0x000000064fd00000|
| 254|0x000000064fe00000, 0x000000064fe00000, 0x000000064ff00000|  0%| F|  |TS  0|AC  0|TAMS 0x000000064fe00000, 0x000000064fe00000|
| 255|0x000000064ff00000, 0x000000064ff00000, 0x0000000650000000|  0%| F|  |TS  0|AC  0|TAMS 0x000000064ff00000, 0x000000064ff00000|
| 256|0x0000000650000000, 0x0000000650000000, 0x0000000650100000|  0%| F|  |TS  0|AC  0|TAMS 0x0000000650000000, 0x0000000650000000|
| 257|0x0000000650100000, 0x0000000650100000, 0x0000000650200000|  0%| F|  |TS  0|AC  0|TAMS 0x0000000650100000, 0x0000000650100000|
| 258|0x0000000650200000, 0x0000000650200000, 0x0000000650300000|  0%| F|  |TS  0|AC  0|TAMS 0x0000000650200000, 0x0000000650200000|
| 259|0x0000000650300000, 0x0000000650300000, 0x0000000650400000|  0%| F|  |TS  0|AC  0|TAMS 0x0000000650300000, 0x0000000650300000|
| 260|0x0000000650400000, 0x0000000650400000, 0x0000000650500000|  0%| F|  |TS  0|AC  0|TAMS 0x0000000650400000, 0x0000000650400000|
| 261|0x0000000650500000, 0x0000000650500000, 0x0000000650600000|  0%| F|  |TS  0|AC  0|TAMS 0x0000000650500000, 0x0000000650500000|
| 262|0x0000000650600000, 0x0000000650600000, 0x0000000650700000|  0%| F|  |TS  0|AC  0|TAMS 0x0000000650600000, 0x0000000650600000|
| 263|0x0000000650700000, 0x0000000650700000, 0x0000000650800000|  0%| F|  |TS  0|AC  0|TAMS 0x0000000650700000, 0x0000000650700000|
| 264|0x0000000650800000, 0x0000000650800000, 0x0000000650900000|  0%| F|  |TS  0|AC  0|TAMS 0x0000000650800000, 0x0000000650800000|
| 265|0x0000000650900000, 0x0000000650900000, 0x0000000650a00000|  0%| F|  |TS  0|AC  0|TAMS 0x0000000650900000, 0x0000000650900000|
| 266|0x0000000650a00000, 0x0000000650a00000, 0x0000000650b00000|  0%| F|  |TS  0|AC  0|TAMS 0x0000000650a00000, 0x0000000650a00000|
| 267|0x0000000650b00000, 0x0000000650b00000, 0x0000000650c00000|  0%| F|  |TS  0|AC  0|TAMS 0x0000000650b00000, 0x0000000650b00000|
| 268|0x0000000650c00000, 0x0000000650c00000, 0x0000000650d00000|  0%| F|  |TS  0|AC  0|TAMS 0x0000000650c00000, 0x0000000650c00000|
| 269|0x0000000650d00000, 0x0000000650d00000, 0x0000000650e00000|  0%| F|  |TS  0|AC  0|TAMS 0x0000000650d00000, 0x0000000650d00000|
| 270|0x0000000650e00000, 0x0000000650e00000, 0x0000000650f00000|  0%| F|  |TS  0|AC  0|TAMS 0x0000000650e00000, 0x0000000650e00000|
| 271|0x0000000650f00000, 0x0000000650f00000, 0x0000000651000000|  0%| F|  |TS  0|AC  0|TAMS 0x0000000650f00000, 0x0000000650f00000|
| 272|0x0000000651000000, 0x0000000651000000, 0x0000000651100000|  0%| F|  |TS  0|AC  0|TAMS 0x0000000651000000, 0x0000000651000000|
| 273|0x0000000651100000, 0x0000000651100000, 0x0000000651200000|  0%| F|  |TS  0|AC  0|TAMS 0x0000000651100000, 0x0000000651100000|
| 274|0x0000000651200000, 0x0000000651200000, 0x0000000651300000|  0%| F|  |TS  0|AC  0|TAMS 0x0000000651200000, 0x0000000651200000|
| 275|0x0000000651300000, 0x0000000651300000, 0x0000000651400000|  0%| F|  |TS  0|AC  0|TAMS 0x0000000651300000, 0x0000000651300000|
| 276|0x0000000651400000, 0x0000000651400000, 0x0000000651500000|  0%| F|  |TS  0|AC  0|TAMS 0x0000000651400000, 0x0000000651400000|
| 277|0x0000000651500000, 0x0000000651500000, 0x0000000651600000|  0%| F|  |TS  0|AC  0|TAMS 0x0000000651500000, 0x0000000651500000|
| 278|0x0000000651600000, 0x0000000651600000, 0x0000000651700000|  0%| F|  |TS  0|AC  0|TAMS 0x0000000651600000, 0x0000000651600000|
| 279|0x0000000651700000, 0x0000000651700000, 0x0000000651800000|  0%| F|  |TS  0|AC  0|TAMS 0x0000000651700000, 0x0000000651700000|
| 280|0x0000000651800000, 0x0000000651800000, 0x0000000651900000|  0%| F|  |TS  0|AC  0|TAMS 0x0000000651800000, 0x0000000651800000|
| 281|0x0000000651900000, 0x0000000651900000, 0x0000000651a00000|  0%| F|  |TS  0|AC  0|TAMS 0x0000000651900000, 0x0000000651900000|
| 282|0x0000000651a00000, 0x0000000651a00000, 0x0000000651b00000|  0%| F|  |TS  0|AC  0|TAMS 0x0000000651a00000, 0x0000000651a00000|
| 283|0x0000000651b00000, 0x0000000651b00000, 0x0000000651c00000|  0%| F|  |TS  0|AC  0|TAMS 0x0000000651b00000, 0x0000000651b00000|
| 284|0x0000000651c00000, 0x0000000651c00000, 0x0000000651d00000|  0%| F|  |TS  0|AC  0|TAMS 0x0000000651c00000, 0x0000000651c00000|
| 285|0x0000000651d00000, 0x0000000651d00000, 0x0000000651e00000|  0%| F|  |TS  0|AC  0|TAMS 0x0000000651d00000, 0x0000000651d00000|
| 286|0x0000000651e00000, 0x0000000651e00000, 0x0000000651f00000|  0%| F|  |TS  0|AC  0|TAMS 0x0000000651e00000, 0x0000000651e00000|
| 287|0x0000000651f00000, 0x0000000651f00000, 0x0000000652000000|  0%| F|  |TS  0|AC  0|TAMS 0x0000000651f00000, 0x0000000651f00000|
| 288|0x0000000652000000, 0x0000000652000000, 0x0000000652100000|  0%| F|  |TS  0|AC  0|TAMS 0x0000000652000000, 0x0000000652000000|
| 289|0x0000000652100000, 0x0000000652100000, 0x0000000652200000|  0%| F|  |TS  0|AC  0|TAMS 0x0000000652100000, 0x0000000652100000|
| 290|0x0000000652200000, 0x0000000652200000, 0x0000000652300000|  0%| F|  |TS  0|AC  0|TAMS 0x0000000652200000, 0x0000000652200000|
| 291|0x0000000652300000, 0x0000000652300000, 0x0000000652400000|  0%| F|  |TS  0|AC  0|TAMS 0x0000000652300000, 0x0000000652300000|
| 292|0x0000000652400000, 0x0000000652400000, 0x0000000652500000|  0%| F|  |TS  0|AC  0|TAMS 0x0000000652400000, 0x0000000652400000|
| 293|0x0000000652500000, 0x0000000652500000, 0x0000000652600000|  0%| F|  |TS  0|AC  0|TAMS 0x0000000652500000, 0x0000000652500000|
| 294|0x0000000652600000, 0x0000000652600000, 0x0000000652700000|  0%| F|  |TS  0|AC  0|TAMS 0x0000000652600000, 0x0000000652600000|
| 295|0x0000000652700000, 0x0000000652700000, 0x0000000652800000|  0%| F|  |TS  0|AC  0|TAMS 0x0000000652700000, 0x0000000652700000|
| 296|0x0000000652800000, 0x0000000652800000, 0x0000000652900000|  0%| F|  |TS  0|AC  0|TAMS 0x0000000652800000, 0x0000000652800000|
| 297|0x0000000652900000, 0x0000000652900000, 0x0000000652a00000|  0%| F|  |TS  0|AC  0|TAMS 0x0000000652900000, 0x0000000652900000|
| 298|0x0000000652a00000, 0x0000000652a00000, 0x0000000652b00000|  0%| F|  |TS  0|AC  0|TAMS 0x0000000652a00000, 0x0000000652a00000|
| 299|0x0000000652b00000, 0x0000000652b00000, 0x0000000652c00000|  0%| F|  |TS  0|AC  0|TAMS 0x0000000652b00000, 0x0000000652b00000|
| 300|0x0000000652c00000, 0x0000000652c00000, 0x0000000652d00000|  0%| F|  |TS  0|AC  0|TAMS 0x0000000652c00000, 0x0000000652c00000|
| 301|0x0000000652d00000, 0x0000000652d00000, 0x0000000652e00000|  0%| F|  |TS  0|AC  0|TAMS 0x0000000652d00000, 0x0000000652d00000|
| 302|0x0000000652e00000, 0x0000000652e00000, 0x0000000652f00000|  0%| F|  |TS  0|AC  0|TAMS 0x0000000652e00000, 0x0000000652e00000|
| 303|0x0000000652f00000, 0x0000000652f00000, 0x0000000653000000|  0%| F|  |TS  0|AC  0|TAMS 0x0000000652f00000, 0x0000000652f00000|
| 304|0x0000000653000000, 0x0000000653000000, 0x0000000653100000|  0%| F|  |TS  0|AC  0|TAMS 0x0000000653000000, 0x0000000653000000|
| 305|0x0000000653100000, 0x0000000653100000, 0x0000000653200000|  0%| F|  |TS  0|AC  0|TAMS 0x0000000653100000, 0x0000000653100000|
| 306|0x0000000653200000, 0x0000000653200000, 0x0000000653300000|  0%| F|  |TS  0|AC  0|TAMS 0x0000000653200000, 0x0000000653200000|
| 307|0x0000000653300000, 0x0000000653300000, 0x0000000653400000|  0%| F|  |TS  0|AC  0|TAMS 0x0000000653300000, 0x0000000653300000|
| 308|0x0000000653400000, 0x0000000653400000, 0x0000000653500000|  0%| F|  |TS  0|AC  0|TAMS 0x0000000653400000, 0x0000000653400000|
| 309|0x0000000653500000, 0x0000000653500000, 0x0000000653600000|  0%| F|  |TS  0|AC  0|TAMS 0x0000000653500000, 0x0000000653500000|
| 310|0x0000000653600000, 0x0000000653600000, 0x0000000653700000|  0%| F|  |TS  0|AC  0|TAMS 0x0000000653600000, 0x0000000653600000|
| 311|0x0000000653700000, 0x0000000653700000, 0x0000000653800000|  0%| F|  |TS  0|AC  0|TAMS 0x0000000653700000, 0x0000000653700000|
| 312|0x0000000653800000, 0x0000000653800000, 0x0000000653900000|  0%| F|  |TS  0|AC  0|TAMS 0x0000000653800000, 0x0000000653800000|
| 313|0x0000000653900000, 0x0000000653900000, 0x0000000653a00000|  0%| F|  |TS  0|AC  0|TAMS 0x0000000653900000, 0x0000000653900000|
| 314|0x0000000653a00000, 0x0000000653a00000, 0x0000000653b00000|  0%| F|  |TS  0|AC  0|TAMS 0x0000000653a00000, 0x0000000653a00000|
| 315|0x0000000653b00000, 0x0000000653b00000, 0x0000000653c00000|  0%| F|  |TS  0|AC  0|TAMS 0x0000000653b00000, 0x0000000653b00000|
| 316|0x0000000653c00000, 0x0000000653c00000, 0x0000000653d00000|  0%| F|  |TS  0|AC  0|TAMS 0x0000000653c00000, 0x0000000653c00000|
| 317|0x0000000653d00000, 0x0000000653d00000, 0x0000000653e00000|  0%| F|  |TS  0|AC  0|TAMS 0x0000000653d00000, 0x0000000653d00000|
| 318|0x0000000653e00000, 0x0000000653e00000, 0x0000000653f00000|  0%| F|  |TS  0|AC  0|TAMS 0x0000000653e00000, 0x0000000653e00000|
| 319|0x0000000653f00000, 0x0000000653f00000, 0x0000000654000000|  0%| F|  |TS  0|AC  0|TAMS 0x0000000653f00000, 0x0000000653f00000|
| 320|0x0000000654000000, 0x0000000654000000, 0x0000000654100000|  0%| F|  |TS  0|AC  0|TAMS 0x0000000654000000, 0x0000000654000000|
| 321|0x0000000654100000, 0x0000000654100000, 0x0000000654200000|  0%| F|  |TS  0|AC  0|TAMS 0x0000000654100000, 0x0000000654100000|
| 322|0x0000000654200000, 0x0000000654200000, 0x0000000654300000|  0%| F|  |TS  0|AC  0|TAMS 0x0000000654200000, 0x0000000654200000|
| 323|0x0000000654300000, 0x0000000654300000, 0x0000000654400000|  0%| F|  |TS  0|AC  0|TAMS 0x0000000654300000, 0x0000000654300000|
| 324|0x0000000654400000, 0x0000000654400000, 0x0000000654500000|  0%| F|  |TS  0|AC  0|TAMS 0x0000000654400000, 0x0000000654400000|
| 325|0x0000000654500000, 0x0000000654500000, 0x0000000654600000|  0%| F|  |TS  0|AC  0|TAMS 0x0000000654500000, 0x0000000654500000|
| 326|0x0000000654600000, 0x0000000654600000, 0x0000000654700000|  0%| F|  |TS  0|AC  0|TAMS 0x0000000654600000, 0x0000000654600000|
| 327|0x0000000654700000, 0x0000000654700000, 0x0000000654800000|  0%| F|  |TS  0|AC  0|TAMS 0x0000000654700000, 0x0000000654700000|
| 328|0x0000000654800000, 0x0000000654800000, 0x0000000654900000|  0%| F|  |TS  0|AC  0|TAMS 0x0000000654800000, 0x0000000654800000|
| 329|0x0000000654900000, 0x0000000654900000, 0x0000000654a00000|  0%| F|  |TS  0|AC  0|TAMS 0x0000000654900000, 0x0000000654900000|
| 330|0x0000000654a00000, 0x0000000654a00000, 0x0000000654b00000|  0%| F|  |TS  0|AC  0|TAMS 0x0000000654a00000, 0x0000000654a00000|
| 331|0x0000000654b00000, 0x0000000654b00000, 0x0000000654c00000|  0%| F|  |TS  0|AC  0|TAMS 0x0000000654b00000, 0x0000000654b00000|
| 332|0x0000000654c00000, 0x0000000654c00000, 0x0000000654d00000|  0%| F|  |TS  0|AC  0|TAMS 0x0000000654c00000, 0x0000000654c00000|
| 333|0x0000000654d00000, 0x0000000654d00000, 0x0000000654e00000|  0%| F|  |TS  0|AC  0|TAMS 0x0000000654d00000, 0x0000000654d00000|
| 334|0x0000000654e00000, 0x0000000654e00000, 0x0000000654f00000|  0%| F|  |TS  0|AC  0|TAMS 0x0000000654e00000, 0x0000000654e00000|
| 335|0x0000000654f00000, 0x0000000654f00000, 0x0000000655000000|  0%| F|  |TS  0|AC  0|TAMS 0x0000000654f00000, 0x0000000654f00000|
| 336|0x0000000655000000, 0x0000000655000000, 0x0000000655100000|  0%| F|  |TS  0|AC  0|TAMS 0x0000000655000000, 0x0000000655000000|
| 337|0x0000000655100000, 0x0000000655100000, 0x0000000655200000|  0%| F|  |TS  0|AC  0|TAMS 0x0000000655100000, 0x0000000655100000|
| 338|0x0000000655200000, 0x0000000655200000, 0x0000000655300000|  0%| F|  |TS  0|AC  0|TAMS 0x0000000655200000, 0x0000000655200000|
| 339|0x0000000655300000, 0x0000000655300000, 0x0000000655400000|  0%| F|  |TS  0|AC  0|TAMS 0x0000000655300000, 0x0000000655300000|
| 340|0x0000000655400000, 0x0000000655400000, 0x0000000655500000|  0%| F|  |TS  0|AC  0|TAMS 0x0000000655400000, 0x0000000655400000|
| 341|0x0000000655500000, 0x0000000655500000, 0x0000000655600000|  0%| F|  |TS  0|AC  0|TAMS 0x0000000655500000, 0x0000000655500000|
| 342|0x0000000655600000, 0x0000000655600000, 0x0000000655700000|  0%| F|  |TS  0|AC  0|TAMS 0x0000000655600000, 0x0000000655600000|
| 343|0x0000000655700000, 0x0000000655700000, 0x0000000655800000|  0%| F|  |TS  0|AC  0|TAMS 0x0000000655700000, 0x0000000655700000|
| 344|0x0000000655800000, 0x0000000655800000, 0x0000000655900000|  0%| F|  |TS  0|AC  0|TAMS 0x0000000655800000, 0x0000000655800000|
| 345|0x0000000655900000, 0x0000000655900000, 0x0000000655a00000|  0%| F|  |TS  0|AC  0|TAMS 0x0000000655900000, 0x0000000655900000|
| 346|0x0000000655a00000, 0x0000000655a00000, 0x0000000655b00000|  0%| F|  |TS  0|AC  0|TAMS 0x0000000655a00000, 0x0000000655a00000|
| 347|0x0000000655b00000, 0x0000000655b00000, 0x0000000655c00000|  0%| F|  |TS  0|AC  0|TAMS 0x0000000655b00000, 0x0000000655b00000|
| 348|0x0000000655c00000, 0x0000000655c00000, 0x0000000655d00000|  0%| F|  |TS  0|AC  0|TAMS 0x0000000655c00000, 0x0000000655c00000|
| 349|0x0000000655d00000, 0x0000000655d00000, 0x0000000655e00000|  0%| F|  |TS  0|AC  0|TAMS 0x0000000655d00000, 0x0000000655d00000|
| 350|0x0000000655e00000, 0x0000000655e00000, 0x0000000655f00000|  0%| F|  |TS  0|AC  0|TAMS 0x0000000655e00000, 0x0000000655e00000|
| 351|0x0000000655f00000, 0x0000000655f00000, 0x0000000656000000|  0%| F|  |TS  0|AC  0|TAMS 0x0000000655f00000, 0x0000000655f00000|
| 352|0x0000000656000000, 0x0000000656000000, 0x0000000656100000|  0%| F|  |TS  0|AC  0|TAMS 0x0000000656000000, 0x0000000656000000|
| 353|0x0000000656100000, 0x0000000656100000, 0x0000000656200000|  0%| F|  |TS  0|AC  0|TAMS 0x0000000656100000, 0x0000000656100000|
| 354|0x0000000656200000, 0x0000000656200000, 0x0000000656300000|  0%| F|  |TS  0|AC  0|TAMS 0x0000000656200000, 0x0000000656200000|
| 355|0x0000000656300000, 0x0000000656300000, 0x0000000656400000|  0%| F|  |TS  0|AC  0|TAMS 0x0000000656300000, 0x0000000656300000|
| 356|0x0000000656400000, 0x0000000656400000, 0x0000000656500000|  0%| F|  |TS  0|AC  0|TAMS 0x0000000656400000, 0x0000000656400000|
| 357|0x0000000656500000, 0x0000000656500000, 0x0000000656600000|  0%| F|  |TS  0|AC  0|TAMS 0x0000000656500000, 0x0000000656500000|
| 358|0x0000000656600000, 0x0000000656600000, 0x0000000656700000|  0%| F|  |TS  0|AC  0|TAMS 0x0000000656600000, 0x0000000656600000|
| 359|0x0000000656700000, 0x0000000656700000, 0x0000000656800000|  0%| F|  |TS  0|AC  0|TAMS 0x0000000656700000, 0x0000000656700000|
| 360|0x0000000656800000, 0x0000000656800000, 0x0000000656900000|  0%| F|  |TS  0|AC  0|TAMS 0x0000000656800000, 0x0000000656800000|
| 361|0x0000000656900000, 0x0000000656900000, 0x0000000656a00000|  0%| F|  |TS  0|AC  0|TAMS 0x0000000656900000, 0x0000000656900000|
| 362|0x0000000656a00000, 0x0000000656ace3d8, 0x0000000656b00000| 80%| S|CS|TS  1|AC  0|TAMS 0x0000000656a00000, 0x0000000656a00000|
| 363|0x0000000656b00000, 0x0000000656c00000, 0x0000000656c00000|100%| S|CS|TS  1|AC  0|TAMS 0x0000000656b00000, 0x0000000656b00000|
| 364|0x0000000656c00000, 0x0000000656d00000, 0x0000000656d00000|100%| S|CS|TS  1|AC  0|TAMS 0x0000000656c00000, 0x0000000656c00000|
| 365|0x0000000656d00000, 0x0000000656d00000, 0x0000000656e00000|  0%| F|  |TS  1|AC  0|TAMS 0x0000000656d00000, 0x0000000656d00000|
| 366|0x0000000656e00000, 0x0000000656e00000, 0x0000000656f00000|  0%| F|  |TS  1|AC  0|TAMS 0x0000000656e00000, 0x0000000656e00000|
| 367|0x0000000656f00000, 0x0000000656f00000, 0x0000000657000000|  0%| F|  |TS  1|AC  0|TAMS 0x0000000656f00000, 0x0000000656f00000|
| 368|0x0000000657000000, 0x0000000657000000, 0x0000000657100000|  0%| F|  |TS  1|AC  0|TAMS 0x0000000657000000, 0x0000000657000000|
| 369|0x0000000657100000, 0x0000000657100000, 0x0000000657200000|  0%| F|  |TS  1|AC  0|TAMS 0x0000000657100000, 0x0000000657100000|
| 370|0x0000000657200000, 0x0000000657200000, 0x0000000657300000|  0%| F|  |TS  1|AC  0|TAMS 0x0000000657200000, 0x0000000657200000|
| 371|0x0000000657300000, 0x0000000657300000, 0x0000000657400000|  0%| F|  |TS  1|AC  0|TAMS 0x0000000657300000, 0x0000000657300000|
| 372|0x0000000657400000, 0x0000000657400000, 0x0000000657500000|  0%| F|  |TS  1|AC  0|TAMS 0x0000000657400000, 0x0000000657400000|
| 373|0x0000000657500000, 0x0000000657500000, 0x0000000657600000|  0%| F|  |TS  1|AC  0|TAMS 0x0000000657500000, 0x0000000657500000|
| 374|0x0000000657600000, 0x0000000657600000, 0x0000000657700000|  0%| F|  |TS  1|AC  0|TAMS 0x0000000657600000, 0x0000000657600000|
| 375|0x0000000657700000, 0x0000000657700000, 0x0000000657800000|  0%| F|  |TS  1|AC  0|TAMS 0x0000000657700000, 0x0000000657700000|
| 376|0x0000000657800000, 0x0000000657800000, 0x0000000657900000|  0%| F|  |TS  1|AC  0|TAMS 0x0000000657800000, 0x0000000657800000|
| 377|0x0000000657900000, 0x0000000657900000, 0x0000000657a00000|  0%| F|  |TS  1|AC  0|TAMS 0x0000000657900000, 0x0000000657900000|
| 378|0x0000000657a00000, 0x0000000657a00000, 0x0000000657b00000|  0%| F|  |TS  1|AC  0|TAMS 0x0000000657a00000, 0x0000000657a00000|
| 379|0x0000000657b00000, 0x0000000657b00000, 0x0000000657c00000|  0%| F|  |TS  1|AC  0|TAMS 0x0000000657b00000, 0x0000000657b00000|
| 380|0x0000000657c00000, 0x0000000657c00000, 0x0000000657d00000|  0%| F|  |TS  1|AC  0|TAMS 0x0000000657c00000, 0x0000000657c00000|
| 381|0x0000000657d00000, 0x0000000657d00000, 0x0000000657e00000|  0%| F|  |TS  1|AC  0|TAMS 0x0000000657d00000, 0x0000000657d00000|
| 382|0x0000000657e00000, 0x0000000657e00000, 0x0000000657f00000|  0%| F|  |TS  1|AC  0|TAMS 0x0000000657e00000, 0x0000000657e00000|
| 383|0x0000000657f00000, 0x0000000657f809c0, 0x0000000658000000| 50%| E|  |TS  1|AC  0|TAMS 0x0000000657f00000, 0x0000000657f00000|

Card table byte_map: [0x0000000108a32000,0x0000000109632000] byte_map_base: 0x0000000105832000

Marking Bits (Prev, Next): (CMBitMap*) 0x00007fc07f052a60, (CMBitMap*) 0x00007fc07f052a98
 Prev Bits: [0x0000000126e74000, 0x000000012ce74000)
 Next Bits: [0x000000012ce74000, 0x0000000132e74000)

Polling page: 0x0000000106f69000

CodeHeap 'non-profiled nmethods': size=120032Kb used=355Kb max_used=355Kb free=119676Kb
 bounds [0x000000011f93c000, 0x000000011fbac000, 0x0000000126e74000]
CodeHeap 'profiled nmethods': size=120032Kb used=1775Kb max_used=1775Kb free=118257Kb
 bounds [0x0000000118404000, 0x0000000118674000, 0x000000011f93c000]
CodeHeap 'non-nmethods': size=5696Kb used=1114Kb max_used=1125Kb free=4581Kb
 bounds [0x0000000117e74000, 0x00000001180e4000, 0x0000000118404000]
 total_blobs=1554 nmethods=1002 adapters=261
 compilation: enabled

Compilation events (10 events):
Event: 261.592 Thread 0x00007fc07f124800  998       3       java.nio.CharBuffer::position (8 bytes)
Event: 261.592 Thread 0x00007fc07f124800 nmethod 998 0x00000001185ba190 code [0x00000001185ba340, 0x00000001185ba4e8]
Event: 264.567 Thread 0x00007fc07f124800  999       3       java.lang.StringConcatHelper::prepend (16 bytes)
Event: 264.568 Thread 0x00007fc07f124800 nmethod 999 0x00000001185ba590 code [0x00000001185ba760, 0x00000001185baa08]
Event: 266.127 Thread 0x00007fc07f124800 1000       3       sun.nio.cs.UTF_8$Encoder::encodeArrayLoop (489 bytes)
Event: 266.130 Thread 0x00007fc07f124800 nmethod 1000 0x00000001185bab90 code [0x00000001185bb1e0, 0x00000001185be468]
Event: 268.935 Thread 0x00007fc07f124800 1001       3       java.nio.ByteBuffer::position (6 bytes)
Event: 268.936 Thread 0x00007fc07f124800 nmethod 1001 0x00000001185bf790 code [0x00000001185bf940, 0x00000001185bfb68]
Event: 2100.101 Thread 0x00007fc07f124800 1002       1       java.lang.reflect.Field::getName (5 bytes)
Event: 2100.101 Thread 0x00007fc07f124800 nmethod 1002 0x000000011f994b90 code [0x000000011f994d40, 0x000000011f994e50]

GC Heap History (2 events):
Event: 928.125 GC heap before
{Heap before GC invocations=0 (full 0):
 garbage-first heap   total 393216K, used 19456K [0x0000000640000000, 0x00000007c0000000)
  region size 1024K, 19 young (19456K), 0 survivors (0K)
 Metaspace       used 10552K, capacity 10992K, committed 11264K, reserved 1058816K
  class space    used 1054K, capacity 1203K, committed 1280K, reserved 1048576K
}
Event: 928.142 GC heap after
{Heap after GC invocations=1 (full 0):
 garbage-first heap   total 393216K, used 2872K [0x0000000640000000, 0x00000007c0000000)
  region size 1024K, 3 young (3072K), 3 survivors (3072K)
 Metaspace       used 10552K, capacity 10992K, committed 11264K, reserved 1058816K
  class space    used 1054K, capacity 1203K, committed 1280K, reserved 1048576K
}

Deoptimization events (9 events):
Event: 0.130 Thread 0x00007fc07f001800 Uncommon trap: reason=unstable_if action=reinterpret pc=0x000000011f947d54 method=java.util.HashMap.putVal(ILjava/lang/Object;Ljava/lang/Object;ZZ)Ljava/lang/Object; @ 69 c2
Event: 0.157 Thread 0x00007fc07f001800 Uncommon trap: reason=unstable_if action=reinterpret pc=0x000000011f93fb14 method=java.lang.String.hashCode()I @ 14 c2
Event: 0.492 Thread 0x00007fc07f001800 Uncommon trap: reason=unstable_if action=reinterpret pc=0x000000011f93dff0 method=java.lang.String.isLatin1()Z @ 10 c2
Event: 0.609 Thread 0x00007fc07f001800 Uncommon trap: reason=bimorphic_or_optimized_type_check action=maybe_recompile pc=0x000000011f96bc4c method=java.util.HashMap.getNode(ILjava/lang/Object;)Ljava/util/HashMap$Node; @ 59 c2
Event: 0.610 Thread 0x00007fc07f001800 Uncommon trap: reason=bimorphic_or_optimized_type_check action=maybe_recompile pc=0x000000011f96bc4c method=java.util.HashMap.getNode(ILjava/lang/Object;)Ljava/util/HashMap$Node; @ 59 c2
Event: 0.610 Thread 0x00007fc07f001800 Uncommon trap: reason=bimorphic_or_optimized_type_check action=maybe_recompile pc=0x000000011f96bc4c method=java.util.HashMap.getNode(ILjava/lang/Object;)Ljava/util/HashMap$Node; @ 59 c2
Event: 0.610 Thread 0x00007fc07f001800 Uncommon trap: reason=bimorphic_or_optimized_type_check action=maybe_recompile pc=0x000000011f96bc4c method=java.util.HashMap.getNode(ILjava/lang/Object;)Ljava/util/HashMap$Node; @ 59 c2
Event: 0.629 Thread 0x00007fc07f001800 Uncommon trap: reason=unstable_if action=reinterpret pc=0x000000011f977ad0 method=java.util.HashMap.getNode(ILjava/lang/Object;)Ljava/util/HashMap$Node; @ 129 c2
Event: 0.629 Thread 0x00007fc07f001800 Uncommon trap: reason=unstable_if action=reinterpret pc=0x000000011f976c90 method=java.util.HashMap.getNode(ILjava/lang/Object;)Ljava/util/HashMap$Node; @ 129 c2

Classes redefined (10 events):
Event: 2486.943 Thread 0x00007fc07e067800 redefined class name=game.BowlingTest, count=7
Event: 2565.398 Thread 0x00007fc07e067800 redefined class name=game.Bowling, count=15
Event: 2683.299 Thread 0x00007fc07e067800 redefined class name=game.Bowling, count=16
Event: 2704.613 Thread 0x00007fc07e067800 redefined class name=game.BowlingTest, count=8
Event: 2781.110 Thread 0x00007fc07e067800 redefined class name=game.Bowling, count=17
Event: 2880.380 Thread 0x00007fc07e067800 redefined class name=game.Bowling, count=18
Event: 2940.368 Thread 0x00007fc07e067800 redefined class name=game.Bowling, count=19
Event: 2971.912 Thread 0x00007fc07e067800 redefined class name=game.Bowling, count=20
Event: 3027.805 Thread 0x00007fc07e067800 redefined class name=game.BowlingTest, count=9
Event: 4200.688 Thread 0x00007fc07e067800 redefined class name=game.BowlingTest, count=10

Internal exceptions (10 events):
Event: 0.743 Thread 0x00007fc07f001800 Exception <a 'java/lang/NoSuchMethodError'{0x0000000657075de0}: java.lang.invoke.DirectMethodHandle$Holder.invokeInterface(Ljava/lang/Object;Ljava/lang/Object;Ljava/lang/Object;Ljava/lang/Object;)V> (0x0000000657075de0) thrown at [/scratch/mesos/slaves/91
Event: 0.744 Thread 0x00007fc07f001800 Exception <a 'java/lang/IncompatibleClassChangeError'{0x0000000657078d70}: Found class java.lang.Object, but interface was expected> (0x0000000657078d70) thrown at [/scratch/mesos/slaves/9190d864-6621-4810-ba08-d8d8c75ba674-S34/frameworks/1735e8a2-a1db-47
Event: 0.772 Thread 0x00007fc07f001800 Exception <a 'java/lang/NoSuchMethodError'{0x0000000656f37240}: java.lang.Object.lambda$comparing$77a9974f$1(Ljava/util/function/Function;Ljava/lang/Object;Ljava/lang/Object;)I> (0x0000000656f37240) thrown at [/scratch/mesos/slaves/9190d864-6621-4810-ba08
Event: 0.772 Thread 0x00007fc07f001800 Exception <a 'java/lang/NoSuchMethodError'{0x0000000656f383e0}: java.lang.invoke.DirectMethodHandle$Holder.invokeSpecial(Ljava/lang/Object;Ljava/lang/Object;Ljava/lang/Object;Ljava/lang/Object;Ljava/lang/Object;Ljava/lang/Object;Ljava/lang/Object;Ljava/la
Event: 0.772 Thread 0x00007fc07f001800 Exception <a 'java/lang/NoSuchMethodError'{0x0000000656f3cae0}: java.lang.invoke.Invokers$Holder.invoke_MT(Ljava/lang/Object;Ljava/lang/Object;Ljava/lang/Object;Ljava/lang/Object;Ljava/lang/Object;Ljava/lang/Object;Ljava/lang/Object;Ljava/lang/Object;Ljav
Event: 0.775 Thread 0x00007fc07f001800 Exception <a 'java/lang/NoSuchMethodError'{0x0000000656f4f028}: method resolution failed> (0x0000000656f4f028) thrown at [/scratch/mesos/slaves/9190d864-6621-4810-ba08-d8d8c75ba674-S34/frameworks/1735e8a2-a1db-478c-8104-60c8b0af87dd-0196/executors/f87b489
Event: 0.775 Thread 0x00007fc07f001800 Exception <a 'java/lang/NoSuchMethodError'{0x0000000656f523c0}: java.lang.Object.lambda$thenComparing$36697e65$1(Ljava/util/Comparator;Ljava/lang/Object;Ljava/lang/Object;)I> (0x0000000656f523c0) thrown at [/scratch/mesos/slaves/9190d864-6621-4810-ba08-d8
Event: 0.777 Thread 0x00007fc07f001800 Exception <a 'java/lang/NoSuchMethodError'{0x0000000656f66f28}: java.lang.invoke.DirectMethodHandle$Holder.invokeSpecial(Ljava/lang/Object;Ljava/lang/Object;)V> (0x0000000656f66f28) thrown at [/scratch/mesos/slaves/9190d864-6621-4810-ba08-d8d8c75ba674-S34
Event: 0.804 Thread 0x00007fc07f001800 Exception <a 'java/lang/NoSuchMethodError'{0x0000000656e89c90}: java.lang.Object.lambda$and$0(Ljava/util/function/Predicate;Ljava/lang/Object;)Z> (0x0000000656e89c90) thrown at [/scratch/mesos/slaves/9190d864-6621-4810-ba08-d8d8c75ba674-S34/frameworks/173
Event: 0.813 Thread 0x00007fc07f001800 Exception <a 'java/lang/NoSuchMethodError'{0x0000000656ec5178}: java.lang.invoke.DirectMethodHandle$Holder.invokeInterface(Ljava/lang/Object;Ljava/lang/Object;Ljava/lang/Object;)V> (0x0000000656ec5178) thrown at [/scratch/mesos/slaves/9190d864-6621-4810-b

Events (10 events):
Event: 4589.798 Thread 0x00007fc07e80e800 DEOPT UNPACKING pc=0x0000000117eac83a sp=0x0000700009d56ee0 mode 1
Event: 4589.798 Executing VM operation: GetFrameCount
Event: 4589.798 Executing VM operation: GetFrameCount done
Event: 4589.798 Executing VM operation: GetFrameCount
Event: 4589.798 Executing VM operation: GetFrameCount done
Event: 4589.798 Executing VM operation: GetFrameLocation
Event: 4589.798 Executing VM operation: GetFrameLocation done
Event: 4589.798 Executing VM operation: GetFrameLocation
Event: 4589.798 Executing VM operation: GetFrameLocation done
Event: 4589.798 Executing VM operation: GetOrSetLocal


Dynamic libraries:
0x00007fff35be2000 	/System/Library/Frameworks/Cocoa.framework/Versions/A/Cocoa
0x00007fff421fb000 	/System/Library/Frameworks/Security.framework/Versions/A/Security
0x00007fff34824000 	/System/Library/Frameworks/ApplicationServices.framework/Versions/A/ApplicationServices
0x00007fff5e043000 	/usr/lib/libz.1.dylib
0x00007fff5bf74000 	/usr/lib/libSystem.B.dylib
0x00007fff36395000 	/System/Library/Frameworks/CoreFoundation.framework/Versions/A/CoreFoundation
0x00007fff384f6000 	/System/Library/Frameworks/Foundation.framework/Versions/C/Foundation
0x00007fff5d62d000 	/usr/lib/libobjc.A.dylib
0x00007fff33974000 	/System/Library/Frameworks/AppKit.framework/Versions/C/AppKit
0x00007fff35f5a000 	/System/Library/Frameworks/CoreData.framework/Versions/A/CoreData
0x00007fff558b9000 	/System/Library/PrivateFrameworks/RemoteViewServices.framework/Versions/A/RemoteViewServices
0x00007fff5a019000 	/System/Library/PrivateFrameworks/UIFoundation.framework/Versions/A/UIFoundation
0x00007fff4a6c3000 	/System/Library/PrivateFrameworks/DFRFoundation.framework/Versions/A/DFRFoundation
0x00007fff3ab62000 	/System/Library/Frameworks/Metal.framework/Versions/A/Metal
0x00007fff4a860000 	/System/Library/PrivateFrameworks/DesktopServicesPriv.framework/Versions/A/DesktopServicesPriv
0x00007fff5cb7a000 	/usr/lib/libenergytrace.dylib
0x00007fff58084000 	/System/Library/PrivateFrameworks/SkyLight.framework/Versions/A/SkyLight
0x00007fff36838000 	/System/Library/Frameworks/CoreGraphics.framework/Versions/A/CoreGraphics
0x00007fff5bf6f000 	/usr/lib/libScreenReader.dylib
0x00007fff3290e000 	/System/Library/Frameworks/Accelerate.framework/Versions/A/Accelerate
0x00007fff38c70000 	/System/Library/Frameworks/IOSurface.framework/Versions/A/IOSurface
0x00007fff34d6e000 	/System/Library/Frameworks/AudioToolbox.framework/Versions/A/AudioToolbox
0x00007fff34ffe000 	/System/Library/Frameworks/AudioUnit.framework/Versions/A/AudioUnit
0x00007fff4a75b000 	/System/Library/PrivateFrameworks/DataDetectorsCore.framework/Versions/A/DataDetectorsCore
0x00007fff356d5000 	/System/Library/Frameworks/Carbon.framework/Versions/A/Frameworks/HIToolbox.framework/Versions/A/HIToolbox
0x00007fff5ccd4000 	/usr/lib/libicucore.A.dylib
0x00007fff4177a000 	/System/Library/Frameworks/QuartzCore.framework/Versions/A/QuartzCore
0x00007fff5733b000 	/System/Library/PrivateFrameworks/SignpostNotification.framework/Versions/A/SignpostNotification
0x00007fff35abb000 	/System/Library/Frameworks/Carbon.framework/Versions/A/Frameworks/SpeechRecognition.framework/Versions/A/SpeechRecognition
0x00007fff5c0d0000 	/usr/lib/libauto.dylib
0x00007fff5df32000 	/usr/lib/libxml2.2.dylib
0x00007fff4a314000 	/System/Library/PrivateFrameworks/CoreUI.framework/Versions/A/CoreUI
0x00007fff35e36000 	/System/Library/Frameworks/CoreAudio.framework/Versions/A/CoreAudio
0x00007fff38330000 	/System/Library/Frameworks/DiskArbitration.framework/Versions/A/DiskArbitration
0x00007fff5cf48000 	/usr/lib/liblangid.dylib
0x00007fff51dbf000 	/System/Library/PrivateFrameworks/MultitouchSupport.framework/Versions/A/MultitouchSupport
0x00007fff38bd3000 	/System/Library/Frameworks/IOKit.framework/Versions/A/IOKit
0x00007fff5bbfe000 	/usr/lib/libDiagnosticMessagesClient.dylib
0x00007fff3750e000 	/System/Library/Frameworks/CoreServices.framework/Versions/A/CoreServices
0x00007fff538f1000 	/System/Library/PrivateFrameworks/PerformanceAnalysis.framework/Versions/A/PerformanceAnalysis
0x00007fff4091c000 	/System/Library/Frameworks/OpenGL.framework/Versions/A/OpenGL
0x00007fff35bf0000 	/System/Library/Frameworks/ColorSync.framework/Versions/A/ColorSync
0x00007fff36e4a000 	/System/Library/Frameworks/CoreImage.framework/Versions/A/CoreImage
0x00007fff37e9e000 	/System/Library/Frameworks/CoreText.framework/Versions/A/CoreText
0x00007fff38cce000 	/System/Library/Frameworks/ImageIO.framework/Versions/A/ImageIO
0x00007fff4700b000 	/System/Library/PrivateFrameworks/Backup.framework/Versions/A/Backup
0x00007fff5c020000 	/usr/lib/libarchive.2.dylib
0x00007fff35321000 	/System/Library/Frameworks/CFNetwork.framework/Versions/A/CFNetwork
0x00007fff4298e000 	/System/Library/Frameworks/SystemConfiguration.framework/Versions/A/SystemConfiguration
0x00007fff5bb27000 	/usr/lib/libCRFSuite.dylib
0x00007fff5c1a9000 	/usr/lib/libc++.1.dylib
0x00007fff5c200000 	/usr/lib/libc++abi.dylib
0x00007fff5e0f1000 	/usr/lib/system/libcache.dylib
0x00007fff5e0f6000 	/usr/lib/system/libcommonCrypto.dylib
0x00007fff5e101000 	/usr/lib/system/libcompiler_rt.dylib
0x00007fff5e109000 	/usr/lib/system/libcopyfile.dylib
0x00007fff5e113000 	/usr/lib/system/libcorecrypto.dylib
0x00007fff5e220000 	/usr/lib/system/libdispatch.dylib
0x00007fff5e25a000 	/usr/lib/system/libdyld.dylib
0x00007fff5e278000 	/usr/lib/system/libkeymgr.dylib
0x00007fff5e286000 	/usr/lib/system/liblaunch.dylib
0x00007fff5e287000 	/usr/lib/system/libmacho.dylib
0x00007fff5e28c000 	/usr/lib/system/libquarantine.dylib
0x00007fff5e28f000 	/usr/lib/system/libremovefile.dylib
0x00007fff5e291000 	/usr/lib/system/libsystem_asl.dylib
0x00007fff5e2a9000 	/usr/lib/system/libsystem_blocks.dylib
0x00007fff5e2aa000 	/usr/lib/system/libsystem_c.dylib
0x00007fff5e334000 	/usr/lib/system/libsystem_configuration.dylib
0x00007fff5e338000 	/usr/lib/system/libsystem_coreservices.dylib
0x00007fff5e33c000 	/usr/lib/system/libsystem_darwin.dylib
0x00007fff5e33e000 	/usr/lib/system/libsystem_dnssd.dylib
0x00007fff5e345000 	/usr/lib/system/libsystem_info.dylib
0x00007fff5e3b6000 	/usr/lib/system/libsystem_m.dylib
0x00007fff5e402000 	/usr/lib/system/libsystem_malloc.dylib
0x00007fff5e422000 	/usr/lib/system/libsystem_network.dylib
0x00007fff5e553000 	/usr/lib/system/libsystem_networkextension.dylib
0x00007fff5e55e000 	/usr/lib/system/libsystem_notify.dylib
0x00007fff5e57c000 	/usr/lib/system/libsystem_sandbox.dylib
0x00007fff5e580000 	/usr/lib/system/libsystem_secinit.dylib
0x00007fff5e38f000 	/usr/lib/system/libsystem_kernel.dylib
0x00007fff5e568000 	/usr/lib/system/libsystem_platform.dylib
0x00007fff5e570000 	/usr/lib/system/libsystem_pthread.dylib
0x00007fff5e582000 	/usr/lib/system/libsystem_symptoms.dylib
0x00007fff5e58a000 	/usr/lib/system/libsystem_trace.dylib
0x00007fff5e59f000 	/usr/lib/system/libunwind.dylib
0x00007fff5e5a5000 	/usr/lib/system/libxpc.dylib
0x00007fff5ba3a000 	/usr/lib/closure/libclosured.dylib
0x00007fff5c18a000 	/usr/lib/libbsm.0.dylib
0x00007fff5e279000 	/usr/lib/system/libkxld.dylib
0x00007fff5be38000 	/usr/lib/libOpenScriptingUtil.dylib
0x00007fff5c4f9000 	/usr/lib/libcoretls.dylib
0x00007fff5c512000 	/usr/lib/libcoretls_cfhelpers.dylib
0x00007fff5da2e000 	/usr/lib/libpam.2.dylib
0x00007fff5db55000 	/usr/lib/libsqlite3.dylib
0x00007fff5df21000 	/usr/lib/libxar.1.dylib
0x00007fff5c19b000 	/usr/lib/libbz2.1.0.dylib
0x00007fff5cf4a000 	/usr/lib/liblzma.5.dylib
0x00007fff5d42b000 	/usr/lib/libnetwork.dylib
0x00007fff5c009000 	/usr/lib/libapple_nghttp2.dylib
0x00007fff5da35000 	/usr/lib/libpcap.A.dylib
0x00007fff5c0d1000 	/usr/lib/libboringssl.dylib
0x00007fff5debc000 	/usr/lib/libusrtcp.dylib
0x00007fff5c008000 	/usr/lib/libapple_crypto.dylib
0x00007fff37891000 	/System/Library/Frameworks/CoreServices.framework/Versions/A/Frameworks/FSEvents.framework/Versions/A/FSEvents
0x00007fff37584000 	/System/Library/Frameworks/CoreServices.framework/Versions/A/Frameworks/CarbonCore.framework/Versions/A/CarbonCore
0x00007fff37a58000 	/System/Library/Frameworks/CoreServices.framework/Versions/A/Frameworks/Metadata.framework/Versions/A/Metadata
0x00007fff37b09000 	/System/Library/Frameworks/CoreServices.framework/Versions/A/Frameworks/OSServices.framework/Versions/A/OSServices
0x00007fff37b6a000 	/System/Library/Frameworks/CoreServices.framework/Versions/A/Frameworks/SearchKit.framework/Versions/A/SearchKit
0x00007fff3750f000 	/System/Library/Frameworks/CoreServices.framework/Versions/A/Frameworks/AE.framework/Versions/A/AE
0x00007fff3789a000 	/System/Library/Frameworks/CoreServices.framework/Versions/A/Frameworks/LaunchServices.framework/Versions/A/LaunchServices
0x00007fff3785c000 	/System/Library/Frameworks/CoreServices.framework/Versions/A/Frameworks/DictionaryServices.framework/Versions/A/DictionaryServices
0x00007fff37bd9000 	/System/Library/Frameworks/CoreServices.framework/Versions/A/Frameworks/SharedFileList.framework/Versions/A/SharedFileList
0x00007fff3bd98000 	/System/Library/Frameworks/NetFS.framework/Versions/A/NetFS
0x00007fff52050000 	/System/Library/PrivateFrameworks/NetAuth.framework/Versions/A/NetAuth
0x00007fff5b8d1000 	/System/Library/PrivateFrameworks/login.framework/Versions/A/Frameworks/loginsupport.framework/Versions/A/loginsupport
0x00007fff59c96000 	/System/Library/PrivateFrameworks/TCC.framework/Versions/A/TCC
0x00007fff5d02b000 	/usr/lib/libmecabra.dylib
0x00007fff34825000 	/System/Library/Frameworks/ApplicationServices.framework/Versions/A/Frameworks/ATS.framework/Versions/A/ATS
0x00007fff34bd3000 	/System/Library/Frameworks/ApplicationServices.framework/Versions/A/Frameworks/ColorSyncLegacy.framework/Versions/A/ColorSyncLegacy
0x00007fff34c77000 	/System/Library/Frameworks/ApplicationServices.framework/Versions/A/Frameworks/HIServices.framework/Versions/A/HIServices
0x00007fff34cca000 	/System/Library/Frameworks/ApplicationServices.framework/Versions/A/Frameworks/LangAnalysis.framework/Versions/A/LangAnalysis
0x00007fff34cd9000 	/System/Library/Frameworks/ApplicationServices.framework/Versions/A/Frameworks/PrintCore.framework/Versions/A/PrintCore
0x00007fff34d26000 	/System/Library/Frameworks/ApplicationServices.framework/Versions/A/Frameworks/QD.framework/Versions/A/QD
0x00007fff34d61000 	/System/Library/Frameworks/ApplicationServices.framework/Versions/A/Frameworks/SpeechSynthesis.framework/Versions/A/SpeechSynthesis
0x00007fff362b1000 	/System/Library/Frameworks/CoreDisplay.framework/Versions/A/CoreDisplay
0x00007fff32926000 	/System/Library/Frameworks/Accelerate.framework/Versions/A/Frameworks/vImage.framework/Versions/A/vImage
0x00007fff33680000 	/System/Library/Frameworks/Accelerate.framework/Versions/A/Frameworks/vecLib.framework/Versions/A/vecLib
0x00007fff33420000 	/System/Library/Frameworks/Accelerate.framework/Versions/A/Frameworks/vecLib.framework/Versions/A/libvDSP.dylib
0x00007fff32f80000 	/System/Library/Frameworks/Accelerate.framework/Versions/A/Frameworks/vecLib.framework/Versions/A/libBNNS.dylib
0x00007fff33385000 	/System/Library/Frameworks/Accelerate.framework/Versions/A/Frameworks/vecLib.framework/Versions/A/libQuadrature.dylib
0x00007fff335ce000 	/System/Library/Frameworks/Accelerate.framework/Versions/A/Frameworks/vecLib.framework/Versions/A/libvMisc.dylib
0x00007fff32faf000 	/System/Library/Frameworks/Accelerate.framework/Versions/A/Frameworks/vecLib.framework/Versions/A/libLAPACK.dylib
0x00007fff32e25000 	/System/Library/Frameworks/Accelerate.framework/Versions/A/Frameworks/vecLib.framework/Versions/A/libBLAS.dylib
0x00007fff3336f000 	/System/Library/Frameworks/Accelerate.framework/Versions/A/Frameworks/vecLib.framework/Versions/A/libLinearAlgebra.dylib
0x00007fff3338b000 	/System/Library/Frameworks/Accelerate.framework/Versions/A/Frameworks/vecLib.framework/Versions/A/libSparse.dylib
0x00007fff3340c000 	/System/Library/Frameworks/Accelerate.framework/Versions/A/Frameworks/vecLib.framework/Versions/A/libSparseBLAS.dylib
0x00007fff4ee9f000 	/System/Library/PrivateFrameworks/GPUWrangler.framework/Versions/A/GPUWrangler
0x00007fff50630000 	/System/Library/PrivateFrameworks/IOAccelerator.framework/Versions/A/IOAccelerator
0x00007fff5063b000 	/System/Library/PrivateFrameworks/IOPresentment.framework/Versions/A/IOPresentment
0x00007fff4a6d5000 	/System/Library/PrivateFrameworks/DSExternalDisplay.framework/Versions/A/DSExternalDisplay
0x00007fff3fd9b000 	/System/Library/Frameworks/OpenGL.framework/Versions/A/Libraries/libCoreFSCache.dylib
0x00007fff37fef000 	/System/Library/Frameworks/CoreVideo.framework/Versions/A/CoreVideo
0x00007fff4fc1a000 	/System/Library/PrivateFrameworks/GraphVisualizer.framework/Versions/A/GraphVisualizer
0x00007fff3ad99000 	/System/Library/Frameworks/MetalPerformanceShaders.framework/Versions/A/MetalPerformanceShaders
0x00007fff5bc36000 	/usr/lib/libFosl_dynamic.dylib
0x00007fff4b7a9000 	/System/Library/PrivateFrameworks/FaceCore.framework/Versions/A/FaceCore
0x00007fff3eb96000 	/System/Library/Frameworks/OpenCL.framework/Versions/A/OpenCL
0x00007fff5c237000 	/usr/lib/libcompression.dylib
0x00007fff34924000 	/System/Library/Frameworks/ApplicationServices.framework/Versions/A/Frameworks/ATS.framework/Versions/A/Resources/libFontParser.dylib
0x00007fff34a47000 	/System/Library/Frameworks/ApplicationServices.framework/Versions/A/Frameworks/ATS.framework/Versions/A/Resources/libFontRegistry.dylib
0x00007fff38f36000 	/System/Library/Frameworks/ImageIO.framework/Versions/A/Resources/libJPEG.dylib
0x00007fff3925f000 	/System/Library/Frameworks/ImageIO.framework/Versions/A/Resources/libTIFF.dylib
0x00007fff39235000 	/System/Library/Frameworks/ImageIO.framework/Versions/A/Resources/libPng.dylib
0x00007fff38e49000 	/System/Library/Frameworks/ImageIO.framework/Versions/A/Resources/libGIF.dylib
0x00007fff38e4e000 	/System/Library/Frameworks/ImageIO.framework/Versions/A/Resources/libJP2.dylib
0x00007fff3925c000 	/System/Library/Frameworks/ImageIO.framework/Versions/A/Resources/libRadiance.dylib
0x00007fff46736000 	/System/Library/PrivateFrameworks/AppleJPEG.framework/Versions/A/AppleJPEG
0x00007fff3ac00000 	/System/Library/Frameworks/MetalPerformanceShaders.framework/Frameworks/MPSCore.framework/Versions/A/MPSCore
0x00007fff3ac1c000 	/System/Library/Frameworks/MetalPerformanceShaders.framework/Frameworks/MPSImage.framework/Versions/A/MPSImage
0x00007fff3acb1000 	/System/Library/Frameworks/MetalPerformanceShaders.framework/Frameworks/MPSNeuralNetwork.framework/Versions/A/MPSNeuralNetwork
0x00007fff3ac8c000 	/System/Library/Frameworks/MetalPerformanceShaders.framework/Frameworks/MPSMatrix.framework/Versions/A/MPSMatrix
0x00007fff51b31000 	/System/Library/PrivateFrameworks/MetalTools.framework/Versions/A/MetalTools
0x00007fff3ff66000 	/System/Library/Frameworks/OpenGL.framework/Versions/A/Libraries/libGLU.dylib
0x00007fff3fda6000 	/System/Library/Frameworks/OpenGL.framework/Versions/A/Libraries/libGFXShared.dylib
0x00007fff3fdb0000 	/System/Library/Frameworks/OpenGL.framework/Versions/A/Libraries/libGL.dylib
0x00007fff3fdbc000 	/System/Library/Frameworks/OpenGL.framework/Versions/A/Libraries/libGLImage.dylib
0x00007fff3fd98000 	/System/Library/Frameworks/OpenGL.framework/Versions/A/Libraries/libCVMSPluginSupport.dylib
0x00007fff3fda1000 	/System/Library/Frameworks/OpenGL.framework/Versions/A/Libraries/libCoreVMClient.dylib
0x00007fff5c9e4000 	/usr/lib/libcups.2.dylib
0x00007fff3a167000 	/System/Library/Frameworks/Kerberos.framework/Versions/A/Kerberos
0x00007fff3892d000 	/System/Library/Frameworks/GSS.framework/Versions/A/GSS
0x00007fff5dae8000 	/usr/lib/libresolv.9.dylib
0x00007fff5cbe2000 	/usr/lib/libiconv.2.dylib
0x00007fff4fcac000 	/System/Library/PrivateFrameworks/Heimdal.framework/Versions/A/Heimdal
0x00007fff5cbb1000 	/usr/lib/libheimdal-asn1.dylib
0x00007fff3ec0e000 	/System/Library/Frameworks/OpenDirectory.framework/Versions/A/OpenDirectory
0x00007fff48a4c000 	/System/Library/PrivateFrameworks/CommonAuth.framework/Versions/A/CommonAuth
0x00007fff3ebf1000 	/System/Library/Frameworks/OpenDirectory.framework/Versions/A/Frameworks/CFOpenDirectory.framework/Versions/A/CFOpenDirectory
0x00007fff42527000 	/System/Library/Frameworks/SecurityFoundation.framework/Versions/A/SecurityFoundation
0x00007fff458fb000 	/System/Library/PrivateFrameworks/APFS.framework/Versions/A/APFS
0x00007fff5df1d000 	/usr/lib/libutil.dylib
0x00007fff467b9000 	/System/Library/PrivateFrameworks/AppleSauce.framework/Versions/A/AppleSauce
0x00007fff50e18000 	/System/Library/PrivateFrameworks/LinguisticData.framework/Versions/A/LinguisticData
0x00007fff5cf64000 	/usr/lib/libmarisa.dylib
0x00007fff50dd2000 	/System/Library/PrivateFrameworks/Lexicon.framework/Versions/A/Lexicon
0x00007fff5bb61000 	/usr/lib/libChineseTokenizer.dylib
0x00007fff5c226000 	/usr/lib/libcmph.dylib
0x00007fff50cdc000 	/System/Library/PrivateFrameworks/LanguageModeling.framework/Versions/A/LanguageModeling
0x00007fff4955b000 	/System/Library/PrivateFrameworks/CoreEmoji.framework/Versions/A/CoreEmoji
0x00007fff425e5000 	/System/Library/Frameworks/ServiceManagement.framework/Versions/A/ServiceManagement
0x00007fff47003000 	/System/Library/PrivateFrameworks/BackgroundTaskManagement.framework/Versions/A/BackgroundTaskManagement
0x00007fff5e01a000 	/usr/lib/libxslt.1.dylib
0x00007fff359e5000 	/System/Library/Frameworks/Carbon.framework/Versions/A/Frameworks/Ink.framework/Versions/A/Ink
0x00007fff59eab000 	/System/Library/PrivateFrameworks/TextureIO.framework/Versions/A/TextureIO
0x00007fff5c04b000 	/usr/lib/libate.dylib
0x00007fff4a635000 	/System/Library/PrivateFrameworks/CrashReporterSupport.framework/Versions/A/CrashReporterSupport
0x00007fff571fb000 	/System/Library/PrivateFrameworks/Sharing.framework/Versions/A/Sharing
0x00007fff50a1d000 	/System/Library/PrivateFrameworks/IconServices.framework/Versions/A/IconServices
0x00007fff46c33000 	/System/Library/PrivateFrameworks/AuthKit.framework/Versions/A/AuthKit
0x00007fff465b9000 	/System/Library/PrivateFrameworks/Apple80211.framework/Versions/A/Apple80211
0x00007fff4a44a000 	/System/Library/PrivateFrameworks/CoreUtils.framework/Versions/A/CoreUtils
0x00007fff3802a000 	/System/Library/Frameworks/CoreWLAN.framework/Versions/A/CoreWLAN
0x00007fff38a6f000 	/System/Library/Frameworks/IOBluetooth.framework/Versions/A/IOBluetooth
0x00007fff556c0000 	/System/Library/PrivateFrameworks/ProtocolBuffer.framework/Versions/A/ProtocolBuffer
0x00007fff51d1a000 	/System/Library/PrivateFrameworks/MobileKeyBag.framework/Versions/A/MobileKeyBag
0x00007fff49cff000 	/System/Library/PrivateFrameworks/CorePhoneNumbers.framework/Versions/A/CorePhoneNumbers
0x00007fff466f1000 	/System/Library/PrivateFrameworks/AppleIDAuthSupport.framework/Versions/A/AppleIDAuthSupport
0x00007fff50cc8000 	/System/Library/PrivateFrameworks/KeychainCircle.framework/Versions/A/KeychainCircle
0x00007fff4a5d0000 	/System/Library/PrivateFrameworks/CoreWiFi.framework/Versions/A/CoreWiFi
0x00007fff35f30000 	/System/Library/Frameworks/CoreBluetooth.framework/Versions/A/CoreBluetooth
0x00007fff4a81f000 	/System/Library/PrivateFrameworks/DebugSymbols.framework/Versions/A/DebugSymbols
0x00007fff4a200000 	/System/Library/PrivateFrameworks/CoreSymbolication.framework/Versions/A/CoreSymbolication
0x00007fff5969c000 	/System/Library/PrivateFrameworks/Symbolication.framework/Versions/A/Symbolication
0x00007fff465e3000 	/System/Library/PrivateFrameworks/AppleFSCompression.framework/Versions/A/AppleFSCompression
0x00007fff58ae9000 	/System/Library/PrivateFrameworks/SpeechRecognitionCore.framework/Versions/A/SpeechRecognitionCore
0x00007fff2e8e7000 	/System/Library/CoreServices/Encodings/libKoreanConverter.dylib
0x0000000106085000 	/Library/Java/JavaVirtualMachines/jdk-10.0.2.jdk/Contents/Home/lib/server/libjvm.dylib
0x00007fff5ddea000 	/usr/lib/libstdc++.6.0.9.dylib
0x0000000106f27000 	/Library/Java/JavaVirtualMachines/jdk-10.0.2.jdk/Contents/Home/lib/libverify.dylib
0x0000000106f34000 	/Library/Java/JavaVirtualMachines/jdk-10.0.2.jdk/Contents/Home/lib/libjava.dylib
0x0000000106f6b000 	/Library/Java/JavaVirtualMachines/jdk-10.0.2.jdk/Contents/Home/lib/libjdwp.dylib
0x0000000106fa8000 	/Library/Java/JavaVirtualMachines/jdk-10.0.2.jdk/Contents/Home/lib/libinstrument.dylib
0x0000000107840000 	/Library/Java/JavaVirtualMachines/jdk-10.0.2.jdk/Contents/Home/lib/libzip.dylib
0x0000000107848000 	/Library/Java/JavaVirtualMachines/jdk-10.0.2.jdk/Contents/Home/lib/libjimage.dylib
0x000000010caa6000 	/Library/Java/JavaVirtualMachines/jdk-10.0.2.jdk/Contents/Home/lib/libdt_socket.dylib
0x000000010caac000 	/Library/Java/JavaVirtualMachines/jdk-10.0.2.jdk/Contents/Home/lib/libnio.dylib
0x000000010cabc000 	/Library/Java/JavaVirtualMachines/jdk-10.0.2.jdk/Contents/Home/lib/./libnet.dylib


VM Arguments:
jvm_args: -agentlib:jdwp=transport=dt_socket,address=127.0.0.1:49797,suspend=y,server=n -ea -Didea.test.cyclic.buffer.size=1048576 -javaagent:/Users/ys/Library/Caches/IntelliJIdea2018.2/groovyHotSwap/gragent.jar -javaagent:/Users/ys/Library/Caches/IntelliJIdea2018.2/captureAgent/debugger-agent.jar=file:/private/var/folders/35/q0y6j1w95md4vj54zsmnbz7h0000gn/T/capture.props -Dfile.encoding=UTF-8 
java_command: com.intellij.rt.execution.junit.JUnitStarter -ideVersion5 -junit5 game.BowlingTest,checkLastFrameBonus
java_class_path (initial): /Applications/IntelliJ IDEA.app/Contents/lib/idea_rt.jar:/Applications/IntelliJ IDEA.app/Contents/plugins/junit/lib/junit-rt.jar:/Applications/IntelliJ IDEA.app/Contents/plugins/junit/lib/junit5-rt.jar:/Users/ys/.m2/repository/org/junit/platform/junit-platform-launcher/1.3.0/junit-platform-launcher-1.3.0.jar:/Users/ys/.m2/repository/org/apiguardian/apiguardian-api/1.0.0/apiguardian-api-1.0.0.jar:/Users/ys/.m2/repository/org/junit/platform/junit-platform-engine/1.3.0/junit-platform-engine-1.3.0.jar:/Users/ys/.m2/repository/org/junit/platform/junit-platform-commons/1.3.0/junit-platform-commons-1.3.0.jar:/Users/ys/.m2/repository/org/opentest4j/opentest4j/1.1.0/opentest4j-1.1.0.jar:/Users/ys/IdeaProjects/BowlingTDD/out/test/classes:/Users/ys/IdeaProjects/BowlingTDD/out/production/classes:/Users/ys/.gradle/caches/modules-2/files-2.1/org.mockito/mockito-junit-jupiter/2.21.0/5522842d2cd87c7b6042e101e7036a9fe39847ef/mockito-junit-jupiter-2.21.0.jar:/Users/ys/.gradle/caches/modules-2/files-2.1/org.mockito/mockito-core/2.21.0/cdd1d0d5b2edbd2a7040735ccf88318c031f458b/mockito-core-2.21.0.jar:/Users/ys/.gradle/caches/modules-2/files-2.1/org.assertj/assertj-core/3.11.1/fdac3217b804d6900fa3650f17b5cb48e620b140/assertj-core-3.11.1.jar:/Users/ys/.gradle/caches/modules-2/files-2.1/org.junit.jupiter/junit-jupiter-params/5.3.0/80db43af3dbc068a8517c5fd414dee9587f209f6/junit-jupiter-params-5.3.0.jar:/Users/ys/.gradle/caches/modules-2/files-2.1/org.junit.jupiter/junit-jupiter-api/5.3.0/a21f4fd0e9607981f14ba4f985182ef4d994c971/junit-jupiter-api-5.3.0.jar:/Users/ys/.gradle/caches/modules-2/files-2.1/net.bytebuddy/byte-buddy/1.8.15/cb36fe3c70ead5fcd016856a7efff908402d86b8/byte-buddy-1.8.15.jar:/Users/ys/.gradle/caches/modules-2/files-2.1/net.bytebuddy/byte-buddy-agent/1.8.15/a2dbe3457401f65ad4022617fbb3fc0e5f427c7d/byte-buddy-agent-1.8.15.jar:/Users/ys/.gradle/caches/modules-2/files-2.1/org.junit.jupiter/junit-jupiter-engine/5.3.0/8c0f050886ebd19fd3cc14c4b574e8cf
Launcher Type: SUN_STANDARD

Logging:
Log output configuration:
#0: stdout all=warning uptime,level,tags
#1: stderr all=off uptime,level,tags

Environment Variables:
PATH=/Users/ys/.rvm/gems/ruby-2.4.1/bin:/Users/ys/.rvm/gems/ruby-2.4.1@global/bin:/Users/ys/.rvm/rubies/ruby-2.4.1/bin:/Users/ys/gradle/gradle-3.3/bin:/usr/local/bin:/usr/bin:/bin:/usr/sbin:/sbin:/Users/ys/Library/Android/sdk/bin:/Users/ys/Library/Android/sdk/tools:/Users/ys/Library/Android/sdk/platform-tools:/Users/ys/.rvm/bin
SHELL=/bin/bash

Signal Handlers:
SIGSEGV: [libjvm.dylib+0x79ac14], sa_mask[0]=11111111011111110111111111111111, sa_flags=SA_ONSTACK|SA_RESTART|SA_SIGINFO
SIGBUS: [libjvm.dylib+0x79ac14], sa_mask[0]=11111111011111110111111111111111, sa_flags=SA_RESTART|SA_SIGINFO
SIGFPE: [libjvm.dylib+0x79ac14], sa_mask[0]=11111111011111110111111111111111, sa_flags=SA_RESTART|SA_SIGINFO
SIGPIPE: [libjvm.dylib+0x635960], sa_mask[0]=11111111011111110111111111111111, sa_flags=SA_RESTART|SA_SIGINFO
SIGXFSZ: [libjvm.dylib+0x635960], sa_mask[0]=11111111011111110111111111111111, sa_flags=SA_RESTART|SA_SIGINFO
SIGILL: [libjvm.dylib+0x79ac14], sa_mask[0]=11111111011111110111111111111111, sa_flags=SA_RESTART|SA_SIGINFO
SIGUSR2: [libjvm.dylib+0x6361f0], sa_mask[0]=00100000000000000000000000000000, sa_flags=SA_RESTART|SA_SIGINFO
SIGHUP: [libjvm.dylib+0x6349db], sa_mask[0]=11111111011111110111111111111111, sa_flags=SA_RESTART|SA_SIGINFO
SIGINT: [libjvm.dylib+0x6349db], sa_mask[0]=11111111011111110111111111111111, sa_flags=SA_RESTART|SA_SIGINFO
SIGTERM: [libjvm.dylib+0x6349db], sa_mask[0]=11111111011111110111111111111111, sa_flags=SA_RESTART|SA_SIGINFO
SIGQUIT: [libjvm.dylib+0x6349db], sa_mask[0]=11111111011111110111111111111111, sa_flags=SA_RESTART|SA_SIGINFO


---------------  S Y S T E M  ---------------

OS:uname:Darwin 17.7.0 Darwin Kernel Version 17.7.0: Thu Jun 21 22:53:14 PDT 2018; root:xnu-4570.71.2~1/RELEASE_X86_64 x86_64
rlimit: STACK 8192k, CORE 0k, NPROC 2128, NOFILE 10240, AS infinity, DATA infinity, FSIZE infinity
load average:5.20 4.20 3.85

CPU:total 4 (initial active 4) (4 cores per cpu, 1 threads per core) family 6 model 60 stepping 3, cmov, cx8, fxsr, mmx, sse, sse2, sse3, ssse3, sse4.1, sse4.2, popcnt, avx, avx2, aes, clmul, erms, lzcnt, tsc, tscinvbit, bmi1, bmi2, fma

Memory: 4k page, physical 25165824k(1364960k free)

vm_info: Java HotSpot(TM) 64-Bit Server VM (10.0.2+13) for bsd-amd64 JRE (10.0.2+13), built on Jun 28 2018 00:49:51 by "mach5one" with gcc 4.2.1 Compatible Apple LLVM 6.1.0 (clang-602.0.49)

END.
